Log file open, 10/24/19 18:16:54
LogWindows: Failed to load 'aqProf.dll' (GetLastError=126)
LogWindows: File 'aqProf.dll' does not exist
LogWindows: Failed to load 'VtuneApi.dll' (GetLastError=126)
LogWindows: File 'VtuneApi.dll' does not exist
LogWindows: Failed to load 'VtuneApi32e.dll' (GetLastError=126)
LogWindows: File 'VtuneApi32e.dll' does not exist
LogConsoleResponse: Display: Failed to find resolution value strings in scalability ini. Falling back to default.
LogInit: Display: Running engine for game: Rand_halloween
LogPakFile: Registered encryption key '00000000000000000000000000000000': 0 pak files mounted, 0 remain pending
LogPlatformFile: Not using cached read wrapper
LogTaskGraph: Started task graph with 5 named threads and 23 total threads with 3 sets of task threads.
LogStats: Stats thread started at 0.747673
LogD3D11RHI: Loaded GFSDK_Aftermath_Lib.x64.dll
LogICUInternationalization: ICU TimeZone Detection - Raw Offset: -6:00, Platform Override: ''
LogConfig: Warning: Failed to saved backup for config[../../../../Users/W207542133/Desktop/halloween/Rand_halloween/Intermediate/Config/CoalescedSourceConfigs/Scalability.ini]
LogPluginManager: Mounting plugin Paper2D
LogConfig: Warning: Failed to saved backup for config[../../../../Users/W207542133/Desktop/halloween/Rand_halloween/Intermediate/Config/CoalescedSourceConfigs/Paper2D.ini]
LogPluginManager: Mounting plugin AISupport
LogPluginManager: Mounting plugin LightPropagationVolume
LogPluginManager: Mounting plugin ActorLayerUtilities
LogPluginManager: Mounting plugin AnimationSharing
LogPluginManager: Mounting plugin CLionSourceCodeAccess
LogPluginManager: Mounting plugin CodeLiteSourceCodeAccess
LogPluginManager: Mounting plugin GitSourceControl
LogPluginManager: Mounting plugin KDevelopSourceCodeAccess
LogPluginManager: Mounting plugin NullSourceCodeAccess
LogPluginManager: Mounting plugin PerforceSourceControl
LogPluginManager: Mounting plugin SubversionSourceControl
LogPluginManager: Mounting plugin UObjectPlugin
LogPluginManager: Mounting plugin VisualStudioCodeSourceCodeAccess
LogPluginManager: Mounting plugin VisualStudioSourceCodeAccess
LogPluginManager: Mounting plugin XCodeSourceCodeAccess
LogPluginManager: Mounting plugin AssetManagerEditor
LogPluginManager: Mounting plugin CryptoKeys
LogPluginManager: Mounting plugin DataValidation
LogPluginManager: Mounting plugin FacialAnimation
LogPluginManager: Mounting plugin GameplayTagsEditor
LogPluginManager: Mounting plugin MacGraphicsSwitching
LogPluginManager: Mounting plugin MaterialAnalyzer
LogPluginManager: Mounting plugin MobileLauncherProfileWizard
LogPluginManager: Mounting plugin PluginBrowser
LogPluginManager: Mounting plugin SpeedTreeImporter
LogPluginManager: Mounting plugin DatasmithContent
LogPluginManager: Mounting plugin VariantManagerContent
LogPluginManager: Mounting plugin AlembicImporter
LogPluginManager: Mounting plugin AppleImageUtils
LogPluginManager: Mounting plugin AppleVision
LogPluginManager: Mounting plugin BackChannel
LogPluginManager: Mounting plugin CharacterAI
LogPluginManager: Mounting plugin GeometryCache
LogPluginManager: Mounting plugin HTML5Networking
LogPluginManager: Mounting plugin ProxyLODPlugin
LogPluginManager: Mounting plugin SkeletalReduction
LogPluginManager: Mounting plugin MagicLeap
LogPluginManager: Mounting plugin MagicLeapMedia
LogPluginManager: Mounting plugin AndroidMedia
LogPluginManager: Mounting plugin AvfMedia
LogPluginManager: Mounting plugin ImgMedia
LogPluginManager: Mounting plugin LinearTimecode
LogPluginManager: Mounting plugin MediaCompositing
LogPluginManager: Mounting plugin MediaPlayerEditor
LogPluginManager: Mounting plugin WebMMedia
LogPluginManager: Mounting plugin WmfMedia
LogPluginManager: Mounting plugin TcpMessaging
LogPluginManager: Mounting plugin UdpMessaging
LogPluginManager: Mounting plugin ActorSequence
LogPluginManager: Mounting plugin LevelSequenceEditor
LogPluginManager: Mounting plugin MatineeToLevelSequence
LogPluginManager: Mounting plugin NetcodeUnitTest
LogPluginManager: Mounting plugin NUTUnrealEngine4
LogPluginManager: Mounting plugin OnlineSubsystemGooglePlay
LogPluginManager: Mounting plugin OnlineSubsystemIOS
LogPluginManager: Mounting plugin OnlineSubsystem
LogPluginManager: Mounting plugin OnlineSubsystemNull
LogPluginManager: Mounting plugin OnlineSubsystemUtils
LogPluginManager: Mounting plugin LauncherChunkInstaller
LogPluginManager: Mounting plugin AndroidDeviceProfileSelector
LogPluginManager: Mounting plugin AndroidMoviePlayer
LogPluginManager: Mounting plugin AndroidPermission
LogPluginManager: Mounting plugin AppleMoviePlayer
LogPluginManager: Mounting plugin ArchVisCharacter
LogPluginManager: Mounting plugin AudioCapture
LogPluginManager: Mounting plugin CableComponent
LogPluginManager: Mounting plugin CustomMeshComponent
LogPluginManager: Mounting plugin EditableMesh
LogPluginManager: Mounting plugin ExampleDeviceProfileSelector
LogPluginManager: Mounting plugin Firebase
LogPluginManager: Mounting plugin GoogleCloudMessaging
LogPluginManager: Mounting plugin IOSDeviceProfileSelector
LogPluginManager: Mounting plugin LinuxDeviceProfileSelector
LogPluginManager: Mounting plugin LocationServicesBPLibrary
LogPluginManager: Mounting plugin MobilePatchingUtils
LogPluginManager: Mounting plugin OculusVR
LogPluginManager: Mounting plugin PhysXVehicles
LogConfig: Warning: Failed to saved backup for config[../../../../Users/W207542133/Desktop/halloween/Rand_halloween/Intermediate/Config/CoalescedSourceConfigs/PhysXVehicles.ini]
LogPluginManager: Mounting plugin ProceduralMeshComponent
LogPluginManager: Mounting plugin RuntimePhysXCooking
LogPluginManager: Mounting plugin SignificanceManager
LogPluginManager: Mounting plugin SteamVR
LogPluginManager: Mounting plugin WebMMoviePlayer
LogPluginManager: Mounting plugin WindowsMoviePlayer
LogInit: Using libcurl 7.55.1-DEV
LogInit:  - built for x86_64-pc-win32
LogInit:  - supports SSL with OpenSSL/1.1.1
LogInit:  - supports HTTP deflate (compression) using libz 1.2.8
LogInit:  - other features:
LogInit:      CURL_VERSION_SSL
LogInit:      CURL_VERSION_LIBZ
LogInit:      CURL_VERSION_IPV6
LogInit:      CURL_VERSION_ASYNCHDNS
LogInit:      CURL_VERSION_LARGEFILE
LogInit:      CURL_VERSION_IDN
LogInit:  CurlRequestOptions (configurable via config and command line):
LogInit:  - bVerifyPeer = true  - Libcurl will verify peer certificate
LogInit:  - bUseHttpProxy = false  - Libcurl will NOT use HTTP proxy
LogInit:  - bDontReuseConnections = false  - Libcurl will reuse connections
LogInit:  - MaxHostConnections = 16  - Libcurl will limit the number of connections to a host
LogInit:  - LocalHostAddr = Default
LogInit:  - BufferSize = 65536
LogInit: WinSock: version 1.1 (2.2), MaxSocks=32767, MaxUdp=65467
LogHMD: Failed initializing OVRPlugin 1.32.0
LogInit: Build: ++UE4+Release-4.22-CL-7053642
LogInit: Engine Version: 4.22.3-7053642+++UE4+Release-4.22
LogInit: Compatible Engine Version: 4.22.0-5660361+++UE4+Release-4.22
LogInit: Net CL: 5660361
LogInit: OS: Windows 10 (Release 1703) (), CPU: Intel(R) Core(TM) i7-4770 CPU @ 3.40GHz, GPU: AMD Radeon HD 8570
LogInit: Compiled (64-bit): Jun 18 2019 03:09:11
LogInit: Compiled with Visual C++: 19.16.27025.01
LogInit: Build Configuration: Development
LogInit: Branch Name: ++UE4+Release-4.22
LogInit: Command Line: 
LogInit: Base Directory: C:/UE_4.22/Engine/Binaries/Win64/
LogInit: Installed Engine Build: 1
LogDevObjectVersion: Number of dev versions registered: 23
LogDevObjectVersion:   Dev-Blueprints (B0D832E4-1F89-4F0D-ACCF-7EB736FD4AA2): 10
LogDevObjectVersion:   Dev-Build (E1C64328-A22C-4D53-A36C-8E866417BD8C): 0
LogDevObjectVersion:   Dev-Core (375EC13C-06E4-48FB-B500-84F0262A717E): 3
LogDevObjectVersion:   Dev-Editor (E4B068ED-F494-42E9-A231-DA0B2E46BB41): 30
LogDevObjectVersion:   Dev-Framework (CFFC743F-43B0-4480-9391-14DF171D2073): 35
LogDevObjectVersion:   Dev-Mobile (B02B49B5-BB20-44E9-A304-32B752E40360): 2
LogDevObjectVersion:   Dev-Networking (A4E4105C-59A1-49B5-A7C5-40C4547EDFEE): 0
LogDevObjectVersion:   Dev-Online (39C831C9-5AE6-47DC-9A44-9C173E1C8E7C): 0
LogDevObjectVersion:   Dev-Physics (78F01B33-EBEA-4F98-B9B4-84EACCB95AA2): 0
LogDevObjectVersion:   Dev-Platform (6631380F-2D4D-43E0-8009-CF276956A95A): 0
LogDevObjectVersion:   Dev-Rendering (12F88B9F-8875-4AFC-A67C-D90C383ABD29): 28
LogDevObjectVersion:   Dev-Sequencer (7B5AE74C-D270-4C10-A958-57980B212A5A): 11
LogDevObjectVersion:   Dev-VR (D7296918-1DD6-4BDD-9DE2-64A83CC13884): 2
LogDevObjectVersion:   Dev-LoadTimes (C2A15278-BFE7-4AFE-6C17-90FF531DF755): 1
LogDevObjectVersion:   Private-Geometry (6EACA3D4-40EC-4CC1-B786-8BED09428FC5): 3
LogDevObjectVersion:   Dev-AnimPhys (29E575DD-E0A3-4627-9D10-D276232CDCEA): 17
LogDevObjectVersion:   Dev-Anim (AF43A65D-7FD3-4947-9873-3E8ED9C1BB05): 2
LogDevObjectVersion:   Dev-ReflectionCapture (6B266CEC-1EC7-4B8F-A30B-E4D90942FC07): 1
LogDevObjectVersion:   Dev-Automation (0DF73D61-A23F-47EA-B727-89E90C41499A): 1
LogDevObjectVersion:   FortniteMain (601D1886-AC64-4F84-AA16-D3DE0DEAC7D6): 25
LogDevObjectVersion:   Dev-Enterprise (9DFFBCD6-494F-0158-E221-12823C92A888): 6
LogDevObjectVersion:   Dev-Niagara (F2AED0AC-9AFE-416F-8664-AA7FFA26D6FC): 1
LogDevObjectVersion:   Dev-Destruction (174F1F0B-B4C6-45A5-B13F-2EE8D0FB917D): 2
LogInit: Presizing for max 16777216 objects, including 0 objects not considered by GC, pre-allocating 0 bytes for permanent pool.
LogInit: Object subsystem initialized
LogConfig: Setting CVar [[con.DebugEarlyDefault:1]]
LogConfig: Setting CVar [[r.setres:1280x720]]
[2019.10.24-23.17.11:866][  0]LogConfig: Setting CVar [[r.VSync:0]]
[2019.10.24-23.17.11:866][  0]LogConfig: Setting CVar [[r.RHICmdBypass:0]]
[2019.10.24-23.17.11:976][  0]LogConfig: Applying CVar settings from Section [/Script/Engine.RendererSettings] File [C:/Users/W207542133/Desktop/halloween/Rand_halloween/Saved/Config/Windows/Engine.ini]
[2019.10.24-23.17.11:976][  0]LogConfig: Setting CVar [[r.GPUCrashDebugging:0]]
[2019.10.24-23.17.11:976][  0]LogConfig: Applying CVar settings from Section [/Script/Engine.RendererOverrideSettings] File [C:/Users/W207542133/Desktop/halloween/Rand_halloween/Saved/Config/Windows/Engine.ini]
[2019.10.24-23.17.11:977][  0]LogConfig: Applying CVar settings from Section [/Script/Engine.StreamingSettings] File [C:/Users/W207542133/Desktop/halloween/Rand_halloween/Saved/Config/Windows/Engine.ini]
[2019.10.24-23.17.11:977][  0]LogConfig: Setting CVar [[s.MinBulkDataSizeForAsyncLoading:131072]]
[2019.10.24-23.17.11:978][  0]LogConfig: Setting CVar [[s.AsyncLoadingThreadEnabled:0]]
[2019.10.24-23.17.11:978][  0]LogConfig: Setting CVar [[s.EventDrivenLoaderEnabled:1]]
[2019.10.24-23.17.11:979][  0]LogConfig: Setting CVar [[s.WarnIfTimeLimitExceeded:0]]
[2019.10.24-23.17.11:979][  0]LogConfig: Setting CVar [[s.TimeLimitExceededMultiplier:1.5]]
[2019.10.24-23.17.11:980][  0]LogConfig: Setting CVar [[s.TimeLimitExceededMinTime:0.005]]
[2019.10.24-23.17.11:980][  0]LogConfig: Setting CVar [[s.UseBackgroundLevelStreaming:1]]
[2019.10.24-23.17.11:981][  0]LogConfig: Setting CVar [[s.PriorityAsyncLoadingExtraTime:15.0]]
[2019.10.24-23.17.11:981][  0]LogConfig: Setting CVar [[s.LevelStreamingActorsUpdateTimeLimit:5.0]]
[2019.10.24-23.17.11:982][  0]LogConfig: Setting CVar [[s.PriorityLevelStreamingActorsUpdateExtraTime:5.0]]
[2019.10.24-23.17.11:982][  0]LogConfig: Setting CVar [[s.LevelStreamingComponentsRegistrationGranularity:10]]
[2019.10.24-23.17.11:983][  0]LogConfig: Setting CVar [[s.UnregisterComponentsTimeLimit:1.0]]
[2019.10.24-23.17.11:983][  0]LogConfig: Setting CVar [[s.LevelStreamingComponentsUnregistrationGranularity:5]]
[2019.10.24-23.17.11:984][  0]LogConfig: Applying CVar settings from Section [/Script/Engine.GarbageCollectionSettings] File [C:/Users/W207542133/Desktop/halloween/Rand_halloween/Saved/Config/Windows/Engine.ini]
[2019.10.24-23.17.11:984][  0]LogConfig: Setting CVar [[gc.MaxObjectsNotConsideredByGC:1]]
[2019.10.24-23.17.11:985][  0]LogConfig: Setting CVar [[gc.SizeOfPermanentObjectPool:0]]
[2019.10.24-23.17.11:985][  0]LogConfig: Setting CVar [[gc.FlushStreamingOnGC:0]]
[2019.10.24-23.17.11:986][  0]LogConfig: Setting CVar [[gc.NumRetriesBeforeForcingGC:10]]
[2019.10.24-23.17.11:986][  0]LogConfig: Setting CVar [[gc.AllowParallelGC:1]]
[2019.10.24-23.17.11:987][  0]LogConfig: Setting CVar [[gc.TimeBetweenPurgingPendingKillObjects:61.1]]
[2019.10.24-23.17.11:987][  0]LogConfig: Setting CVar [[gc.MaxObjectsInEditor:16777216]]
[2019.10.24-23.17.11:988][  0]LogConfig: Setting CVar [[gc.IncrementalBeginDestroyEnabled:1]]
[2019.10.24-23.17.11:988][  0]LogConfig: Setting CVar [[gc.CreateGCClusters:1]]
[2019.10.24-23.17.11:989][  0]LogConfig: Setting CVar [[gc.MinGCClusterSize:5]]
[2019.10.24-23.17.11:989][  0]LogConfig: Setting CVar [[gc.ActorClusteringEnabled:0]]
[2019.10.24-23.17.11:990][  0]LogConfig: Setting CVar [[gc.BlueprintClusteringEnabled:0]]
[2019.10.24-23.17.11:990][  0]LogConfig: Setting CVar [[gc.UseDisregardForGCOnDedicatedServers:0]]
[2019.10.24-23.17.11:991][  0]LogConfig: Applying CVar settings from Section [/Script/Engine.NetworkSettings] File [C:/Users/W207542133/Desktop/halloween/Rand_halloween/Saved/Config/Windows/Engine.ini]
[2019.10.24-23.17.11:991][  0]LogConfig: Applying CVar settings from Section [/Script/UnrealEd.CookerSettings] File [C:/Users/W207542133/Desktop/halloween/Rand_halloween/Saved/Config/Windows/Engine.ini]
[2019.10.24-23.17.12:462][  0]LogConfig: Applying CVar settings from Section [ViewDistanceQuality@3] File [C:/Users/W207542133/Desktop/halloween/Rand_halloween/Saved/Config/Windows/Scalability.ini]
[2019.10.24-23.17.12:463][  0]LogConfig: Setting CVar [[r.SkeletalMeshLODBias:0]]
[2019.10.24-23.17.12:463][  0]LogConfig: Setting CVar [[r.ViewDistanceScale:1.0]]
[2019.10.24-23.17.12:463][  0]LogConfig: Applying CVar settings from Section [AntiAliasingQuality@3] File [C:/Users/W207542133/Desktop/halloween/Rand_halloween/Saved/Config/Windows/Scalability.ini]
[2019.10.24-23.17.12:464][  0]LogConfig: Setting CVar [[r.PostProcessAAQuality:4]]
[2019.10.24-23.17.12:464][  0]LogConfig: Applying CVar settings from Section [ShadowQuality@3] File [C:/Users/W207542133/Desktop/halloween/Rand_halloween/Saved/Config/Windows/Scalability.ini]
[2019.10.24-23.17.12:465][  0]LogConfig: Setting CVar [[r.LightFunctionQuality:1]]
[2019.10.24-23.17.12:465][  0]LogConfig: Setting CVar [[r.ShadowQuality:5]]
[2019.10.24-23.17.12:466][  0]LogConfig: Setting CVar [[r.Shadow.CSM.MaxCascades:10]]
[2019.10.24-23.17.12:466][  0]LogConfig: Setting CVar [[r.Shadow.MaxResolution:2048]]
[2019.10.24-23.17.12:467][  0]LogConfig: Setting CVar [[r.Shadow.MaxCSMResolution:2048]]
[2019.10.24-23.17.12:467][  0]LogConfig: Setting CVar [[r.Shadow.RadiusThreshold:0.01]]
[2019.10.24-23.17.12:468][  0]LogConfig: Setting CVar [[r.Shadow.DistanceScale:1.0]]
[2019.10.24-23.17.12:468][  0]LogConfig: Setting CVar [[r.Shadow.CSM.TransitionScale:1.0]]
[2019.10.24-23.17.12:469][  0]LogConfig: Setting CVar [[r.Shadow.PreShadowResolutionFactor:1.0]]
[2019.10.24-23.17.12:469][  0]LogConfig: Setting CVar [[r.DistanceFieldShadowing:1]]
[2019.10.24-23.17.12:470][  0]LogConfig: Setting CVar [[r.DistanceFieldAO:1]]
[2019.10.24-23.17.12:470][  0]LogConfig: Setting CVar [[r.AOQuality:2]]
[2019.10.24-23.17.12:471][  0]LogConfig: Setting CVar [[r.VolumetricFog:1]]
[2019.10.24-23.17.12:471][  0]LogConfig: Setting CVar [[r.VolumetricFog.GridPixelSize:8]]
[2019.10.24-23.17.12:471][  0]LogConfig: Setting CVar [[r.VolumetricFog.GridSizeZ:128]]
[2019.10.24-23.17.12:472][  0]LogConfig: Setting CVar [[r.VolumetricFog.HistoryMissSupersampleCount:4]]
[2019.10.24-23.17.12:472][  0]LogConfig: Setting CVar [[r.LightMaxDrawDistanceScale:1]]
[2019.10.24-23.17.12:473][  0]LogConfig: Setting CVar [[r.CapsuleShadows:1]]
[2019.10.24-23.17.12:473][  0]LogConfig: Applying CVar settings from Section [PostProcessQuality@3] File [C:/Users/W207542133/Desktop/halloween/Rand_halloween/Saved/Config/Windows/Scalability.ini]
[2019.10.24-23.17.12:473][  0]LogConfig: Setting CVar [[r.MotionBlurQuality:4]]
[2019.10.24-23.17.12:474][  0]LogConfig: Setting CVar [[r.AmbientOcclusionMipLevelFactor:0.4]]
[2019.10.24-23.17.12:474][  0]LogConfig: Setting CVar [[r.AmbientOcclusionMaxQuality:100]]
[2019.10.24-23.17.12:475][  0]LogConfig: Setting CVar [[r.AmbientOcclusionLevels:-1]]
[2019.10.24-23.17.12:475][  0]LogConfig: Setting CVar [[r.AmbientOcclusionRadiusScale:1.0]]
[2019.10.24-23.17.12:475][  0]LogConfig: Setting CVar [[r.DepthOfFieldQuality:2]]
[2019.10.24-23.17.12:476][  0]LogConfig: Setting CVar [[r.RenderTargetPoolMin:400]]
[2019.10.24-23.17.12:476][  0]LogConfig: Setting CVar [[r.LensFlareQuality:2]]
[2019.10.24-23.17.12:477][  0]LogConfig: Setting CVar [[r.SceneColorFringeQuality:1]]
[2019.10.24-23.17.12:477][  0]LogConfig: Setting CVar [[r.EyeAdaptationQuality:2]]
[2019.10.24-23.17.12:477][  0]LogConfig: Setting CVar [[r.BloomQuality:5]]
[2019.10.24-23.17.12:478][  0]LogConfig: Setting CVar [[r.FastBlurThreshold:100]]
[2019.10.24-23.17.12:478][  0]LogConfig: Setting CVar [[r.Upscale.Quality:3]]
[2019.10.24-23.17.12:478][  0]LogConfig: Setting CVar [[r.Tonemapper.GrainQuantization:1]]
[2019.10.24-23.17.12:479][  0]LogConfig: Setting CVar [[r.LightShaftQuality:1]]
[2019.10.24-23.17.12:479][  0]LogConfig: Setting CVar [[r.Filter.SizeScale:1]]
[2019.10.24-23.17.12:479][  0]LogConfig: Setting CVar [[r.Tonemapper.Quality:5]]
[2019.10.24-23.17.12:480][  0]LogConfig: Setting CVar [[r.DOF.Gather.AccumulatorQuality:1        ; higher gathering accumulator quality]]
[2019.10.24-23.17.12:480][  0]LogConfig: Setting CVar [[r.DOF.Gather.PostfilterMethod:1          ; Median3x3 postfilering method]]
[2019.10.24-23.17.12:480][  0]LogConfig: Setting CVar [[r.DOF.Gather.EnableBokehSettings:0       ; no bokeh simulation when gathering]]
[2019.10.24-23.17.12:481][  0]LogConfig: Setting CVar [[r.DOF.Gather.RingCount:4                 ; medium number of samples when gathering]]
[2019.10.24-23.17.12:481][  0]LogConfig: Setting CVar [[r.DOF.Scatter.ForegroundCompositing:1    ; additive foreground scattering]]
[2019.10.24-23.17.12:482][  0]LogConfig: Setting CVar [[r.DOF.Scatter.BackgroundCompositing:2    ; additive background scattering]]
[2019.10.24-23.17.12:482][  0]LogConfig: Setting CVar [[r.DOF.Scatter.EnableBokehSettings:1      ; bokeh simulation when scattering]]
[2019.10.24-23.17.12:482][  0]LogConfig: Setting CVar [[r.DOF.Scatter.MaxSpriteRatio:0.1         ; only a maximum of 10% of scattered bokeh]]
[2019.10.24-23.17.12:483][  0]LogConfig: Setting CVar [[r.DOF.Recombine.Quality:1                ; cheap slight out of focus]]
[2019.10.24-23.17.12:483][  0]LogConfig: Setting CVar [[r.DOF.Recombine.EnableBokehSettings:0    ; no bokeh simulation on slight out of focus]]
[2019.10.24-23.17.12:484][  0]LogConfig: Setting CVar [[r.DOF.TemporalAAQuality:1                ; more stable temporal accumulation]]
[2019.10.24-23.17.12:484][  0]LogConfig: Setting CVar [[r.DOF.Kernel.MaxForegroundRadius:0.025]]
[2019.10.24-23.17.12:484][  0]LogConfig: Setting CVar [[r.DOF.Kernel.MaxBackgroundRadius:0.025]]
[2019.10.24-23.17.12:485][  0]LogConfig: Applying CVar settings from Section [TextureQuality@3] File [C:/Users/W207542133/Desktop/halloween/Rand_halloween/Saved/Config/Windows/Scalability.ini]
[2019.10.24-23.17.12:485][  0]LogConfig: Setting CVar [[r.Streaming.MipBias:0]]
[2019.10.24-23.17.12:486][  0]LogConfig: Setting CVar [[r.Streaming.AmortizeCPUToGPUCopy:0]]
[2019.10.24-23.17.12:486][  0]LogConfig: Setting CVar [[r.Streaming.MaxNumTexturesToStreamPerFrame:0]]
[2019.10.24-23.17.12:486][  0]LogConfig: Setting CVar [[r.Streaming.Boost:1]]
[2019.10.24-23.17.12:487][  0]LogConfig: Setting CVar [[r.MaxAnisotropy:8]]
[2019.10.24-23.17.12:487][  0]LogConfig: Setting CVar [[r.Streaming.LimitPoolSizeToVRAM:0]]
[2019.10.24-23.17.12:487][  0]LogConfig: Setting CVar [[r.Streaming.PoolSize:1000]]
[2019.10.24-23.17.12:488][  0]LogConfig: Setting CVar [[r.Streaming.MaxEffectiveScreenSize:0]]
[2019.10.24-23.17.12:488][  0]LogConfig: Applying CVar settings from Section [EffectsQuality@3] File [C:/Users/W207542133/Desktop/halloween/Rand_halloween/Saved/Config/Windows/Scalability.ini]
[2019.10.24-23.17.12:489][  0]LogConfig: Setting CVar [[r.TranslucencyLightingVolumeDim:64]]
[2019.10.24-23.17.12:489][  0]LogConfig: Setting CVar [[r.RefractionQuality:2]]
[2019.10.24-23.17.12:489][  0]LogConfig: Setting CVar [[r.SSR.Quality:3]]
[2019.10.24-23.17.12:490][  0]LogConfig: Setting CVar [[r.SceneColorFormat:4]]
[2019.10.24-23.17.12:490][  0]LogConfig: Setting CVar [[r.DetailMode:2]]
[2019.10.24-23.17.12:491][  0]LogConfig: Setting CVar [[r.TranslucencyVolumeBlur:1]]
[2019.10.24-23.17.12:491][  0]LogConfig: Setting CVar [[r.MaterialQualityLevel:1 ; High quality]]
[2019.10.24-23.17.12:491][  0]LogConfig: Setting CVar [[r.SSS.Scale:1]]
[2019.10.24-23.17.12:492][  0]LogConfig: Setting CVar [[r.SSS.SampleSet:2]]
[2019.10.24-23.17.12:492][  0]LogConfig: Setting CVar [[r.SSS.Quality:1]]
[2019.10.24-23.17.12:493][  0]LogConfig: Setting CVar [[r.SSS.HalfRes:1]]
[2019.10.24-23.17.12:493][  0]LogConfig: Setting CVar [[r.EmitterSpawnRateScale:1.0]]
[2019.10.24-23.17.12:493][  0]LogConfig: Setting CVar [[r.ParticleLightQuality:2]]
[2019.10.24-23.17.12:494][  0]LogConfig: Applying CVar settings from Section [FoliageQuality@3] File [C:/Users/W207542133/Desktop/halloween/Rand_halloween/Saved/Config/Windows/Scalability.ini]
[2019.10.24-23.17.12:494][  0]LogConfig: Setting CVar [[foliage.DensityScale:1.0]]
[2019.10.24-23.17.12:494][  0]LogConfig: Setting CVar [[grass.DensityScale:1.0]]
[2019.10.24-23.17.12:526][  0]LogInit: Selected Device Profile: [Windows]
[2019.10.24-23.17.12:526][  0]LogInit: Applying CVar settings loaded from the selected device profile: [Windows]
[2019.10.24-23.17.12:797][  0]LogHAL: Display: Platform has ~ 16 GB [17119154176 / 17179869184 / 16], which maps to Larger [LargestMinGB=32, LargerMinGB=12, DefaultMinGB=8, SmallerMinGB=6, SmallestMinGB=0)
[2019.10.24-23.17.12:882][  0]LogConfig: Setting CVar [[r.Vulkan.UseRealUBs:0		; Required until we fix HLR fall-out]]
[2019.10.24-23.17.12:882][  0]LogInit: Going up to parent DeviceProfile []
[2019.10.24-23.17.12:981][  0]LogConfig: Applying CVar settings from Section [ViewDistanceQuality@3] File [C:/Users/W207542133/Desktop/halloween/Rand_halloween/Saved/Config/Windows/Scalability.ini]
[2019.10.24-23.17.12:981][  0]LogConfig: Setting CVar [[r.SkeletalMeshLODBias:0]]
[2019.10.24-23.17.12:981][  0]LogConfig: Setting CVar [[r.ViewDistanceScale:1.0]]
[2019.10.24-23.17.12:981][  0]LogConfig: Applying CVar settings from Section [AntiAliasingQuality@3] File [C:/Users/W207542133/Desktop/halloween/Rand_halloween/Saved/Config/Windows/Scalability.ini]
[2019.10.24-23.17.12:981][  0]LogConfig: Setting CVar [[r.PostProcessAAQuality:4]]
[2019.10.24-23.17.12:981][  0]LogConfig: Applying CVar settings from Section [ShadowQuality@3] File [C:/Users/W207542133/Desktop/halloween/Rand_halloween/Saved/Config/Windows/Scalability.ini]
[2019.10.24-23.17.12:981][  0]LogConfig: Setting CVar [[r.LightFunctionQuality:1]]
[2019.10.24-23.17.12:981][  0]LogConfig: Setting CVar [[r.ShadowQuality:5]]
[2019.10.24-23.17.12:981][  0]LogConfig: Setting CVar [[r.Shadow.CSM.MaxCascades:10]]
[2019.10.24-23.17.12:981][  0]LogConfig: Setting CVar [[r.Shadow.MaxResolution:2048]]
[2019.10.24-23.17.12:982][  0]LogConfig: Setting CVar [[r.Shadow.MaxCSMResolution:2048]]
[2019.10.24-23.17.12:982][  0]LogConfig: Setting CVar [[r.Shadow.RadiusThreshold:0.01]]
[2019.10.24-23.17.12:982][  0]LogConfig: Setting CVar [[r.Shadow.DistanceScale:1.0]]
[2019.10.24-23.17.12:982][  0]LogConfig: Setting CVar [[r.Shadow.CSM.TransitionScale:1.0]]
[2019.10.24-23.17.12:982][  0]LogConfig: Setting CVar [[r.Shadow.PreShadowResolutionFactor:1.0]]
[2019.10.24-23.17.12:982][  0]LogConfig: Setting CVar [[r.DistanceFieldShadowing:1]]
[2019.10.24-23.17.12:982][  0]LogConfig: Setting CVar [[r.DistanceFieldAO:1]]
[2019.10.24-23.17.12:982][  0]LogConfig: Setting CVar [[r.AOQuality:2]]
[2019.10.24-23.17.12:983][  0]LogConfig: Setting CVar [[r.VolumetricFog:1]]
[2019.10.24-23.17.12:983][  0]LogConfig: Setting CVar [[r.VolumetricFog.GridPixelSize:8]]
[2019.10.24-23.17.12:983][  0]LogConfig: Setting CVar [[r.VolumetricFog.GridSizeZ:128]]
[2019.10.24-23.17.12:983][  0]LogConfig: Setting CVar [[r.VolumetricFog.HistoryMissSupersampleCount:4]]
[2019.10.24-23.17.12:983][  0]LogConfig: Setting CVar [[r.LightMaxDrawDistanceScale:1]]
[2019.10.24-23.17.12:983][  0]LogConfig: Setting CVar [[r.CapsuleShadows:1]]
[2019.10.24-23.17.12:983][  0]LogConfig: Applying CVar settings from Section [PostProcessQuality@3] File [C:/Users/W207542133/Desktop/halloween/Rand_halloween/Saved/Config/Windows/Scalability.ini]
[2019.10.24-23.17.12:983][  0]LogConfig: Setting CVar [[r.MotionBlurQuality:4]]
[2019.10.24-23.17.12:983][  0]LogConfig: Setting CVar [[r.AmbientOcclusionMipLevelFactor:0.4]]
[2019.10.24-23.17.12:984][  0]LogConfig: Setting CVar [[r.AmbientOcclusionMaxQuality:100]]
[2019.10.24-23.17.12:984][  0]LogConfig: Setting CVar [[r.AmbientOcclusionLevels:-1]]
[2019.10.24-23.17.12:984][  0]LogConfig: Setting CVar [[r.AmbientOcclusionRadiusScale:1.0]]
[2019.10.24-23.17.12:984][  0]LogConfig: Setting CVar [[r.DepthOfFieldQuality:2]]
[2019.10.24-23.17.12:984][  0]LogConfig: Setting CVar [[r.RenderTargetPoolMin:400]]
[2019.10.24-23.17.12:984][  0]LogConfig: Setting CVar [[r.LensFlareQuality:2]]
[2019.10.24-23.17.12:984][  0]LogConfig: Setting CVar [[r.SceneColorFringeQuality:1]]
[2019.10.24-23.17.12:984][  0]LogConfig: Setting CVar [[r.EyeAdaptationQuality:2]]
[2019.10.24-23.17.12:984][  0]LogConfig: Setting CVar [[r.BloomQuality:5]]
[2019.10.24-23.17.12:984][  0]LogConfig: Setting CVar [[r.FastBlurThreshold:100]]
[2019.10.24-23.17.12:984][  0]LogConfig: Setting CVar [[r.Upscale.Quality:3]]
[2019.10.24-23.17.12:984][  0]LogConfig: Setting CVar [[r.Tonemapper.GrainQuantization:1]]
[2019.10.24-23.17.12:984][  0]LogConfig: Setting CVar [[r.LightShaftQuality:1]]
[2019.10.24-23.17.12:985][  0]LogConfig: Setting CVar [[r.Filter.SizeScale:1]]
[2019.10.24-23.17.12:985][  0]LogConfig: Setting CVar [[r.Tonemapper.Quality:5]]
[2019.10.24-23.17.12:985][  0]LogConfig: Setting CVar [[r.DOF.Gather.AccumulatorQuality:1        ; higher gathering accumulator quality]]
[2019.10.24-23.17.12:985][  0]LogConfig: Setting CVar [[r.DOF.Gather.PostfilterMethod:1          ; Median3x3 postfilering method]]
[2019.10.24-23.17.12:985][  0]LogConfig: Setting CVar [[r.DOF.Gather.EnableBokehSettings:0       ; no bokeh simulation when gathering]]
[2019.10.24-23.17.12:985][  0]LogConfig: Setting CVar [[r.DOF.Gather.RingCount:4                 ; medium number of samples when gathering]]
[2019.10.24-23.17.12:985][  0]LogConfig: Setting CVar [[r.DOF.Scatter.ForegroundCompositing:1    ; additive foreground scattering]]
[2019.10.24-23.17.12:985][  0]LogConfig: Setting CVar [[r.DOF.Scatter.BackgroundCompositing:2    ; additive background scattering]]
[2019.10.24-23.17.12:985][  0]LogConfig: Setting CVar [[r.DOF.Scatter.EnableBokehSettings:1      ; bokeh simulation when scattering]]
[2019.10.24-23.17.12:985][  0]LogConfig: Setting CVar [[r.DOF.Scatter.MaxSpriteRatio:0.1         ; only a maximum of 10% of scattered bokeh]]
[2019.10.24-23.17.12:985][  0]LogConfig: Setting CVar [[r.DOF.Recombine.Quality:1                ; cheap slight out of focus]]
[2019.10.24-23.17.12:985][  0]LogConfig: Setting CVar [[r.DOF.Recombine.EnableBokehSettings:0    ; no bokeh simulation on slight out of focus]]
[2019.10.24-23.17.12:985][  0]LogConfig: Setting CVar [[r.DOF.TemporalAAQuality:1                ; more stable temporal accumulation]]
[2019.10.24-23.17.12:985][  0]LogConfig: Setting CVar [[r.DOF.Kernel.MaxForegroundRadius:0.025]]
[2019.10.24-23.17.12:986][  0]LogConfig: Setting CVar [[r.DOF.Kernel.MaxBackgroundRadius:0.025]]
[2019.10.24-23.17.12:986][  0]LogConfig: Applying CVar settings from Section [TextureQuality@3] File [C:/Users/W207542133/Desktop/halloween/Rand_halloween/Saved/Config/Windows/Scalability.ini]
[2019.10.24-23.17.12:986][  0]LogConfig: Setting CVar [[r.Streaming.MipBias:0]]
[2019.10.24-23.17.12:986][  0]LogConfig: Setting CVar [[r.Streaming.AmortizeCPUToGPUCopy:0]]
[2019.10.24-23.17.12:986][  0]LogConfig: Setting CVar [[r.Streaming.MaxNumTexturesToStreamPerFrame:0]]
[2019.10.24-23.17.12:986][  0]LogConfig: Setting CVar [[r.Streaming.Boost:1]]
[2019.10.24-23.17.12:986][  0]LogConfig: Setting CVar [[r.MaxAnisotropy:8]]
[2019.10.24-23.17.12:986][  0]LogConfig: Setting CVar [[r.Streaming.LimitPoolSizeToVRAM:0]]
[2019.10.24-23.17.12:986][  0]LogConfig: Setting CVar [[r.Streaming.PoolSize:1000]]
[2019.10.24-23.17.12:986][  0]LogConfig: Setting CVar [[r.Streaming.MaxEffectiveScreenSize:0]]
[2019.10.24-23.17.12:986][  0]LogConfig: Applying CVar settings from Section [EffectsQuality@3] File [C:/Users/W207542133/Desktop/halloween/Rand_halloween/Saved/Config/Windows/Scalability.ini]
[2019.10.24-23.17.12:986][  0]LogConfig: Setting CVar [[r.TranslucencyLightingVolumeDim:64]]
[2019.10.24-23.17.12:986][  0]LogConfig: Setting CVar [[r.RefractionQuality:2]]
[2019.10.24-23.17.12:987][  0]LogConfig: Setting CVar [[r.SSR.Quality:3]]
[2019.10.24-23.17.12:987][  0]LogConfig: Setting CVar [[r.SceneColorFormat:4]]
[2019.10.24-23.17.12:987][  0]LogConfig: Setting CVar [[r.DetailMode:2]]
[2019.10.24-23.17.12:987][  0]LogConfig: Setting CVar [[r.TranslucencyVolumeBlur:1]]
[2019.10.24-23.17.12:987][  0]LogConfig: Setting CVar [[r.MaterialQualityLevel:1 ; High quality]]
[2019.10.24-23.17.12:987][  0]LogConfig: Setting CVar [[r.SSS.Scale:1]]
[2019.10.24-23.17.12:987][  0]LogConfig: Setting CVar [[r.SSS.SampleSet:2]]
[2019.10.24-23.17.12:987][  0]LogConfig: Setting CVar [[r.SSS.Quality:1]]
[2019.10.24-23.17.12:987][  0]LogConfig: Setting CVar [[r.SSS.HalfRes:1]]
[2019.10.24-23.17.12:987][  0]LogConfig: Setting CVar [[r.EmitterSpawnRateScale:1.0]]
[2019.10.24-23.17.12:987][  0]LogConfig: Setting CVar [[r.ParticleLightQuality:2]]
[2019.10.24-23.17.12:987][  0]LogConfig: Applying CVar settings from Section [FoliageQuality@3] File [C:/Users/W207542133/Desktop/halloween/Rand_halloween/Saved/Config/Windows/Scalability.ini]
[2019.10.24-23.17.12:987][  0]LogConfig: Setting CVar [[foliage.DensityScale:1.0]]
[2019.10.24-23.17.12:988][  0]LogConfig: Setting CVar [[grass.DensityScale:1.0]]
[2019.10.24-23.17.12:988][  0]LogConfig: Applying CVar settings from Section [Startup] File [../../../Engine/Config/ConsoleVariables.ini]
[2019.10.24-23.17.13:055][  0]LogConfig: Setting CVar [[net.UseAdaptiveNetUpdateFrequency:0]]
[2019.10.24-23.17.13:055][  0]LogConfig: Setting CVar [[p.chaos.AllowCreatePhysxBodies:1]]
[2019.10.24-23.17.13:055][  0]LogConfig: Applying CVar settings from Section [ConsoleVariables] File [C:/Users/W207542133/Desktop/halloween/Rand_halloween/Saved/Config/Windows/Engine.ini]
[2019.10.24-23.17.13:240][  0]LogInit: Computer: SW-WLC124-09
[2019.10.24-23.17.13:240][  0]LogInit: User: W207542133
[2019.10.24-23.17.13:240][  0]LogInit: CPU Page size=4096, Cores=4
[2019.10.24-23.17.13:240][  0]LogInit: High frequency timer resolution =3.312654 MHz
[2019.10.24-23.17.13:381][  0]LogMemory: Memory total: Physical=15.9GB (16GB approx)
[2019.10.24-23.17.13:381][  0]LogMemory: Platform Memory Stats for Windows
[2019.10.24-23.17.13:382][  0]LogMemory: Process Physical Memory: 97.30 MB used, 97.30 MB peak
[2019.10.24-23.17.13:382][  0]LogMemory: Process Virtual Memory: 93.20 MB used, 93.20 MB peak
[2019.10.24-23.17.13:382][  0]LogMemory: Physical Memory: 4857.05 MB used,  11469.04 MB free, 16326.10 MB total
[2019.10.24-23.17.13:382][  0]LogMemory: Virtual Memory: 532.30 MB used,  134217192.00 MB free, 134217728.00 MB total
[2019.10.24-23.17.17:766][  0]LogInit: Using OS detected language (en-US).
[2019.10.24-23.17.17:766][  0]LogInit: Using OS detected locale (en-US).
[2019.10.24-23.17.18:382][  0]LogTextLocalizationManager: No specific localization for 'en-US' exists, so the 'en' localization will be used.
[2019.10.24-23.17.21:437][  0]LogInit: Setting process to per monitor DPI aware
[2019.10.24-23.17.24:587][  0]LogSlate: New Slate User Created.  User Index 0, Is Virtual User: 0
[2019.10.24-23.17.24:587][  0]LogSlate: Slate User Registered.  User Index 0, Is Virtual User: 0
[2019.10.24-23.17.34:602][  0]LogHMD: Failed to initialize OpenVR with code 110
[2019.10.24-23.17.34:604][  0]LogD3D11RHI: D3D11 adapters:
[2019.10.24-23.17.35:171][  0]LogD3D11RHI:    0. 'AMD Radeon HD 8570' (Feature Level 11_0)
[2019.10.24-23.17.35:171][  0]LogD3D11RHI:       1005/0/8163 MB DedicatedVideo/DedicatedSystem/SharedSystem, Outputs:1, VendorId:0x1002
[2019.10.24-23.17.35:175][  0]LogD3D11RHI:    1. 'Microsoft Basic Render Driver' (Feature Level 11_0)
[2019.10.24-23.17.35:175][  0]LogD3D11RHI:       0/0/8163 MB DedicatedVideo/DedicatedSystem/SharedSystem, Outputs:0, VendorId:0x1414
[2019.10.24-23.17.35:175][  0]LogD3D11RHI: Chosen D3D11 Adapter: 0
[2019.10.24-23.17.35:212][  0]LogD3D11RHI: Creating new Direct3DDevice
[2019.10.24-23.17.35:212][  0]LogD3D11RHI:     GPU DeviceId: 0x6611 (for the marketing name, search the web for "GPU Device Id")
[2019.10.24-23.17.35:345][  0]LogWindows: EnumDisplayDevices:
[2019.10.24-23.17.35:345][  0]LogWindows:    0. 'AMD Radeon HD 8570' (P:1 D:1)
[2019.10.24-23.17.35:349][  0]LogWindows:    1. 'AMD Radeon HD 8570' (P:0 D:0)
[2019.10.24-23.17.35:350][  0]LogWindows: DebugString: FoundDriverCount:2 
[2019.10.24-23.17.35:350][  0]LogD3D11RHI:     Adapter Name: AMD Radeon HD 8570
[2019.10.24-23.17.35:350][  0]LogD3D11RHI:   Driver Version: Crimson 16.6 (internal:21.19.144.32768, unified:21.19.144.32768)
[2019.10.24-23.17.35:350][  0]LogD3D11RHI:      Driver Date: 10-25-2016
[2019.10.24-23.17.35:350][  0]LogRHI: Texture pool is 703 MB (70% of 1005 MB)
[2019.10.24-23.17.36:320][  0]LogD3D11RHI: Async texture creation enabled
[2019.10.24-23.17.37:173][  0]LogRendererCore: FGlobalReadBuffer::InitRHI
[2019.10.24-23.17.37:520][  0]LogRendererCore: FGlobalReadBuffer::InitRHI
[2019.10.24-23.17.37:520][  0]LogRendererCore: FGlobalReadBuffer::InitRHI
[2019.10.24-23.17.38:251][  0]LogD3D11RHI: GPU Timing Frequency: 27.000000 (Debug: 2 2)
[2019.10.24-23.21.37:486][  0]LogTemp: Display: Module 'AllDesktopTargetPlatform' loaded TargetPlatform 'AllDesktop'
[2019.10.24-23.21.37:534][  0]LogTemp: Display: Module 'MacClientTargetPlatform' loaded TargetPlatform 'MacClient'
[2019.10.24-23.21.37:582][  0]LogTemp: Display: Module 'MacNoEditorTargetPlatform' loaded TargetPlatform 'MacNoEditor'
[2019.10.24-23.21.37:631][  0]LogTemp: Display: Module 'MacServerTargetPlatform' loaded TargetPlatform 'MacServer'
[2019.10.24-23.21.37:674][  0]LogTemp: Display: Module 'MacTargetPlatform' loaded TargetPlatform 'Mac'
[2019.10.24-23.21.37:718][  0]LogTemp: Display: Module 'WindowsClientTargetPlatform' loaded TargetPlatform 'WindowsClient'
[2019.10.24-23.21.37:762][  0]LogTemp: Display: Module 'WindowsNoEditorTargetPlatform' loaded TargetPlatform 'WindowsNoEditor'
[2019.10.24-23.21.37:809][  0]LogTemp: Display: Module 'WindowsServerTargetPlatform' loaded TargetPlatform 'WindowsServer'
[2019.10.24-23.21.37:830][  0]LogTemp: Display: Module 'WindowsTargetPlatform' loaded TargetPlatform 'Windows'
[2019.10.24-23.21.38:095][  0]LogTemp: Display: Module 'AndroidTargetPlatform' loaded TargetPlatform 'Android'
[2019.10.24-23.21.38:095][  0]LogTemp: Display: Module 'AndroidTargetPlatform' loaded TargetPlatform 'Android_ASTC'
[2019.10.24-23.21.38:095][  0]LogTemp: Display: Module 'AndroidTargetPlatform' loaded TargetPlatform 'Android_ATC'
[2019.10.24-23.21.38:095][  0]LogTemp: Display: Module 'AndroidTargetPlatform' loaded TargetPlatform 'Android_DXT'
[2019.10.24-23.21.38:095][  0]LogTemp: Display: Module 'AndroidTargetPlatform' loaded TargetPlatform 'Android_ETC1'
[2019.10.24-23.21.38:095][  0]LogTemp: Display: Module 'AndroidTargetPlatform' loaded TargetPlatform 'Android_ETC1a'
[2019.10.24-23.21.38:096][  0]LogTemp: Display: Module 'AndroidTargetPlatform' loaded TargetPlatform 'Android_ETC2'
[2019.10.24-23.21.38:096][  0]LogTemp: Display: Module 'AndroidTargetPlatform' loaded TargetPlatform 'Android_PVRTC'
[2019.10.24-23.21.38:096][  0]LogTemp: Display: Module 'AndroidTargetPlatform' loaded TargetPlatform 'AndroidClient'
[2019.10.24-23.21.38:096][  0]LogTemp: Display: Module 'AndroidTargetPlatform' loaded TargetPlatform 'Android_ASTCClient'
[2019.10.24-23.21.38:096][  0]LogTemp: Display: Module 'AndroidTargetPlatform' loaded TargetPlatform 'Android_ATCClient'
[2019.10.24-23.21.38:096][  0]LogTemp: Display: Module 'AndroidTargetPlatform' loaded TargetPlatform 'Android_DXTClient'
[2019.10.24-23.21.38:096][  0]LogTemp: Display: Module 'AndroidTargetPlatform' loaded TargetPlatform 'Android_ETC1Client'
[2019.10.24-23.21.38:096][  0]LogTemp: Display: Module 'AndroidTargetPlatform' loaded TargetPlatform 'Android_ETC1aClient'
[2019.10.24-23.21.38:096][  0]LogTemp: Display: Module 'AndroidTargetPlatform' loaded TargetPlatform 'Android_ETC2Client'
[2019.10.24-23.21.38:096][  0]LogTemp: Display: Module 'AndroidTargetPlatform' loaded TargetPlatform 'Android_PVRTCClient'
[2019.10.24-23.21.38:096][  0]LogTemp: Display: Module 'AndroidTargetPlatform' loaded TargetPlatform 'Android_Multi'
[2019.10.24-23.21.38:096][  0]LogTemp: Display: Module 'AndroidTargetPlatform' loaded TargetPlatform 'Android_MultiClient'
[2019.10.24-23.21.38:099][  0]LogTemp: Display: Module 'HTML5TargetPlatform' loaded TargetPlatform 'HTML5'
[2019.10.24-23.21.38:217][  0]LogTemp: Display: Module 'IOSTargetPlatform' loaded TargetPlatform 'IOSClient'
[2019.10.24-23.21.38:217][  0]LogTemp: Display: Module 'IOSTargetPlatform' loaded TargetPlatform 'IOS'
[2019.10.24-23.21.38:290][  0]LogTemp: Display: Module 'TVOSTargetPlatform' loaded TargetPlatform 'TVOSClient'
[2019.10.24-23.21.38:290][  0]LogTemp: Display: Module 'TVOSTargetPlatform' loaded TargetPlatform 'TVOS'
[2019.10.24-23.21.38:322][  0]LogTemp: Display: Module 'LinuxClientTargetPlatform' loaded TargetPlatform 'LinuxClient'
[2019.10.24-23.21.38:355][  0]LogTemp: Display: Module 'LinuxNoEditorTargetPlatform' loaded TargetPlatform 'LinuxNoEditor'
[2019.10.24-23.21.38:383][  0]LogTemp: Display: Module 'LinuxServerTargetPlatform' loaded TargetPlatform 'LinuxServer'
[2019.10.24-23.21.38:413][  0]LogTemp: Display: Module 'LinuxTargetPlatform' loaded TargetPlatform 'Linux'
[2019.10.24-23.21.38:631][  0]LogTemp: Display: Module 'LuminTargetPlatform' loaded TargetPlatform 'Lumin'
[2019.10.24-23.21.38:631][  0]LogTemp: Display: Module 'LuminTargetPlatform' loaded TargetPlatform 'LuminClient'
[2019.10.24-23.21.38:631][  0]LogTargetPlatformManager: Display: Building Assets For Windows
[2019.10.24-23.21.38:651][  0]LogAudioDebug: Display: Lib vorbis DLL was dynamically loaded.
[2019.10.24-23.21.38:780][  0]LogShaderCompilers: Guid format shader working directory is -10 characters bigger than the processId version (../../../../Users/W207542133/Desktop/halloween/Rand_halloween/Intermediate/Shaders/WorkingDirectory/8908/).
[2019.10.24-23.21.38:781][  0]LogShaderCompilers: Cleaned the shader compiler working directory 'C:/Users/W207542133/AppData/Local/Temp/UnrealShaderWorkingDir/15DA321A480F9C91E62901A860D8ACB7/'.
[2019.10.24-23.21.38:807][  0]LogShaderCompilers: Display: Using XGE Shader Compiler (Interception Interface).
[2019.10.24-23.21.46:767][  0]LogDerivedDataCache: Display: Max Cache Size: 512 MB
[2019.10.24-23.21.48:069][  0]LogDerivedDataCache: Loaded boot cache 1.29s 71MB C:/Users/W207542133/AppData/Local/UnrealEngine/4.22/DerivedDataCache/Boot.ddc.
[2019.10.24-23.21.48:069][  0]LogDerivedDataCache: Display: Loaded Boot cache: C:/Users/W207542133/AppData/Local/UnrealEngine/4.22/DerivedDataCache/Boot.ddc
[2019.10.24-23.21.48:070][  0]LogDerivedDataCache: FDerivedDataBackendGraph:  Pak pak cache file ../../../../Users/W207542133/Desktop/halloween/Rand_halloween/DerivedDataCache/DDC.ddp not found, will not use a pak cache.
[2019.10.24-23.21.48:070][  0]LogDerivedDataCache: Unable to find inner node Pak for hierarchical cache Hierarchy.
[2019.10.24-23.21.48:070][  0]LogDerivedDataCache: FDerivedDataBackendGraph:  CompressedPak pak cache file ../../../../Users/W207542133/Desktop/halloween/Rand_halloween/DerivedDataCache/Compressed.ddp not found, will not use a pak cache.
[2019.10.24-23.21.48:070][  0]LogDerivedDataCache: Unable to find inner node CompressedPak for hierarchical cache Hierarchy.
[2019.10.24-23.21.48:107][  0]LogDerivedDataCache: Display: Pak cache opened for reading ../../../Engine/DerivedDataCache/Compressed.ddp.
[2019.10.24-23.21.48:107][  0]LogDerivedDataCache: FDerivedDataBackendGraph:  EnterprisePak pak cache file ../../../Enterprise/DerivedDataCache/Compressed.ddp not found, will not use a pak cache.
[2019.10.24-23.21.48:107][  0]LogDerivedDataCache: Unable to find inner node EnterprisePak for hierarchical cache Hierarchy.
[2019.10.24-23.21.48:154][  0]LogDerivedDataCache: Using Local data cache path C:/Users/W207542133/AppData/Local/UnrealEngine/Common/DerivedDataCache: Writable
[2019.10.24-23.21.48:154][  0]LogDerivedDataCache: Shared data cache path not found in *engine.ini, will not use an Shared cache.
[2019.10.24-23.21.48:154][  0]LogDerivedDataCache: Unable to find inner node Shared for hierarchical cache Hierarchy.
[2019.10.24-23.21.48:356][  0]LogMaterial: Verifying Global Shaders for PCD3D_SM5
[2019.10.24-23.21.48:530][  0]LogSlate: Using FreeType 2.6.0
[2019.10.24-23.21.48:757][  0]LogSlate: SlateFontServices - WITH_FREETYPE: 1, WITH_HARFBUZZ: 1
[2019.10.24-23.21.52:041][  0]LogAssetRegistry: FAssetRegistry took 0.1229 seconds to start up
[2019.10.24-23.22.09:172][  0]LogInit: Selected Device Profile: [Windows]
[2019.10.24-23.22.15:908][  0]LogMeshReduction: Using QuadricMeshReduction for automatic static mesh reduction
[2019.10.24-23.22.15:908][  0]LogMeshReduction: Using SimplygonMeshReduction for automatic skeletal mesh reduction
[2019.10.24-23.22.15:908][  0]LogMeshReduction: Using ProxyLODMeshReduction for automatic mesh merging
[2019.10.24-23.22.15:908][  0]LogMeshReduction: No distributed automatic mesh merging module available
[2019.10.24-23.22.15:920][  0]LogMeshMerging: No distributed automatic mesh merging module available
[2019.10.24-23.22.17:562][  0]LogNetVersion: Rand_halloween 1.0.0, NetCL: 5660361, EngineNetVer: 10, GameNetVer: 0 (Checksum: 3059084179)
[2019.10.24-23.22.26:846][  0]LogAssetRegistry: Error: Failed to open file for write ../../../../Users/W207542133/Desktop/halloween/Rand_halloween/Intermediate/AssetRegistryCache/2657c409.bin
[2019.10.24-23.22.27:652][  0]LogPackageLocalizationCache: Processed 10 localized package path(s) for 1 prioritized culture(s) in 0.883763 seconds
[2019.10.24-23.22.27:661][  0]LogUObjectArray: 42205 objects as part of root set at end of initial load.
[2019.10.24-23.22.27:661][  0]LogUObjectAllocator: 7325032 out of 0 bytes used by permanent object pool.
[2019.10.24-23.22.27:661][  0]LogUObjectArray: CloseDisregardForGC: 0/0 objects in disregard for GC pool
[2019.10.24-23.23.31:519][  0]LogConfig: Warning: Failed to saved backup for config[../../../../Users/W207542133/Desktop/halloween/Rand_halloween/Intermediate/Config/CoalescedSourceConfigs/InternationalizationExport.ini]
[2019.10.24-23.23.39:102][  0]LogTcpMessaging: Initializing TcpMessaging bridge
[2019.10.24-23.23.39:378][  0]LogUdpMessaging: Initializing bridge on interface 0.0.0.0:0 to multicast group 230.0.0.1:6666.
[2019.10.24-23.23.43:565][  0]SourceControl: Source control is disabled
[2019.10.24-23.23.43:629][  0]SourceControl: Source control is disabled
[2019.10.24-23.23.44:086][  0]SourceControl: Source control is disabled
[2019.10.24-23.23.44:360][  0]SourceControl: Source control is disabled
[2019.10.24-23.23.52:038][  0]LogAndroidPermission: UAndroidPermissionCallbackProxy::GetInstance
[2019.10.24-23.23.55:146][  0]LogOcInput: OculusInput pre-init called
[2019.10.24-23.24.09:421][  0]LogAutomationTest: Warning: Smoke tests took > 2s to run: 4.30s
[2019.10.24-23.24.10:366][  0]LogEngine: Initializing Engine...
[2019.10.24-23.24.10:991][  0]LogHMD: Failed to initialize OpenVR with code 110
[2019.10.24-23.24.11:394][  0]LogStats: UGameplayTagsManager::InitializeManager -  0.221 s
[2019.10.24-23.24.14:193][  0]LogInit: Initializing FReadOnlyCVARCache
[2019.10.24-23.24.17:931][  0]LogAIModule: Creating AISystem for world Untitled
[2019.10.24-23.24.19:199][  0]LogInit: XAudio2 using 'Speakers / Headphones (Realtek High Definition Audio)' : 2 channels at 48 kHz using 32 bits per sample (channel mask 0x3)
[2019.10.24-23.24.20:858][  0]LogInit: FAudioDevice initialized.
[2019.10.24-23.24.20:882][  0]LogNetVersion: Set ProjectVersion to 1.0.0.0. Version Checksum will be recalculated on next use.
[2019.10.24-23.24.20:903][  0]LogDerivedDataCache: Error: Could not save memory cache C:/Users/W207542133/AppData/Local/UnrealEngine/4.22/DerivedDataCache/Boot.ddc.
[2019.10.24-23.24.20:903][  0]LogInit: Texture streaming: Enabled
[2019.10.24-23.24.23:601][  0]LogEngineSessionManager: EngineSessionManager initialized
[2019.10.24-23.24.25:790][  0]LogInit: Transaction tracking system initialized
[2019.10.24-23.24.29:006][  0]BlueprintLog: New page: Editor Load
[2019.10.24-23.24.38:773][  0]LocalizationService: Localization service is disabled
[2019.10.24-23.24.55:354][  0]LogCook: Display: Max memory allowance for cook 16384mb min free memory 0mb
[2019.10.24-23.24.55:354][  0]LogCook: Display: Mobile HDR setting 1
[2019.10.24-23.24.57:744][  0]LogFileCache: Scanning file cache for directory 'C:/Users/W207542133/Desktop/halloween/Rand_halloween/Content/' took 0.08s
[2019.10.24-23.25.19:296][  0]SourceControl: Source control is disabled
[2019.10.24-23.25.19:820][  0]Cmd: MAP LOAD FILE="../../../../Users/W207542133/Desktop/halloween/Rand_halloween/Content/Rand_halloween/Rand_tower.umap" TEMPLATE=0 SHOWPROGRESS=1 FEATURELEVEL=3
[2019.10.24-23.25.20:004][  0]LightingResults: New page: Lighting Build
[2019.10.24-23.25.21:394][  0]MapCheck: New page: Map Check
[2019.10.24-23.25.21:394][  0]LightingResults: New page: Lighting Build
[2019.10.24-23.25.24:877][  0]LogUObjectHash: Compacting FUObjectHashTables data took  67.85ms
[2019.10.24-23.25.42:148][  0]LoadErrors: Warning: Linear color curves now accurately handle RGB values > 1. If you were relying on HSV clamping, please update Curve_GoodSky_horizon_Color
[2019.10.24-23.25.42:148][  0]LoadErrors: Warning: Linear color curves now accurately handle RGB values > 1. If you were relying on HSV clamping, please update Curve_GoodSky_DomeColor
[2019.10.24-23.25.42:148][  0]LoadErrors: Warning: Linear color curves now accurately handle RGB values > 1. If you were relying on HSV clamping, please update Curve_GoodSky_BaseCloudColor
[2019.10.24-23.25.42:148][  0]LoadErrors: Warning: Linear color curves now accurately handle RGB values > 1. If you were relying on HSV clamping, please update Curve_GoodSky_AllOverlayColor
[2019.10.24-23.25.42:224][  0]LogAIModule: Creating AISystem for world Rand_tower
[2019.10.24-23.25.50:591][  0]LogEditorServer: Finished looking for orphan Actors (0.000 secs)
[2019.10.24-23.25.50:966][  0]LogUObjectHash: Compacting FUObjectHashTables data took   3.59ms
[2019.10.24-23.25.50:997][  0]Cmd: MAP CHECKDEP NOCLEARLOG
[2019.10.24-23.25.50:997][  0]MapCheck: Map check complete: 0 Error(s), 0 Warning(s), took 0.191ms to complete.
[2019.10.24-23.25.50:997][  0]LogFileHelpers: Loading map 'Rand_tower' took 31.465
[2019.10.24-23.25.54:733][  0]LogSlate: Updating window title bar state: overlay mode, drag disabled, window buttons hidden, title bar hidden
[2019.10.24-23.25.54:770][  0]LogSlate: Updating window title bar state: overlay mode, drag disabled, window buttons hidden, title bar hidden
[2019.10.24-23.25.54:785][  0]LogSlate: Updating window title bar state: overlay mode, drag disabled, window buttons hidden, title bar hidden
[2019.10.24-23.25.54:798][  0]LogSlate: Updating window title bar state: overlay mode, drag disabled, window buttons hidden, title bar hidden
[2019.10.24-23.25.56:530][  0]LogCollectionManager: Loaded 0 collections in 0.013054 seconds
[2019.10.24-23.25.59:222][  0]LogFileCache: Scanning file cache for directory 'C:/Users/W207542133/Desktop/halloween/Rand_halloween/Saved/Collections/' took 0.01s
[2019.10.24-23.25.59:222][  0]LogFileCache: Scanning file cache for directory 'C:/Users/W207542133/Desktop/halloween/Rand_halloween/Content/Developers/W207542133/Collections/' took 0.01s
[2019.10.24-23.25.59:222][  0]LogFileCache: Scanning file cache for directory 'C:/Users/W207542133/Desktop/halloween/Rand_halloween/Content/Collections/' took 0.01s
[2019.10.24-23.25.59:222][  0]LogCollectionManager: Rebuilt the GUID cache for 0 collections in 0.000000 seconds
[2019.10.24-23.25.59:287][  0]LogContentBrowser: Native class hierarchy populated in 0.0168 seconds. Added 2732 classes and 659 folders.
[2019.10.24-23.26.00:343][  0]LogContentBrowser: Native class hierarchy updated for 'WidgetCarousel' in 0.0004 seconds. Added 0 classes and 0 folders.
[2019.10.24-23.26.00:993][  0]LogPakFile: Registered encryption key '00000000000000000000000000000000': 0 pak files mounted, 0 remain pending
[2019.10.24-23.26.01:392][  0]LogPakFile: Registered encryption key '00000000000000000000000000000000': 0 pak files mounted, 0 remain pending
[2019.10.24-23.26.01:571][  0]LogPakFile: Registered encryption key '00000000000000000000000000000000': 0 pak files mounted, 0 remain pending
[2019.10.24-23.26.01:925][  0]LogPakFile: Registered encryption key '00000000000000000000000000000000': 0 pak files mounted, 0 remain pending
[2019.10.24-23.26.02:203][  0]LogPakFile: Registered encryption key '00000000000000000000000000000000': 0 pak files mounted, 0 remain pending
[2019.10.24-23.26.02:734][  0]LogPakFile: Registered encryption key '00000000000000000000000000000000': 0 pak files mounted, 0 remain pending
[2019.10.24-23.26.02:934][  0]LogPakFile: Registered encryption key '00000000000000000000000000000000': 0 pak files mounted, 0 remain pending
[2019.10.24-23.26.03:357][  0]LogPakFile: Registered encryption key '00000000000000000000000000000000': 0 pak files mounted, 0 remain pending
[2019.10.24-23.26.03:932][  0]LogPakFile: Registered encryption key '00000000000000000000000000000000': 0 pak files mounted, 0 remain pending
[2019.10.24-23.26.04:346][  0]LogPakFile: Registered encryption key '00000000000000000000000000000000': 0 pak files mounted, 0 remain pending
[2019.10.24-23.26.04:920][  0]LogPakFile: Registered encryption key '00000000000000000000000000000000': 0 pak files mounted, 0 remain pending
[2019.10.24-23.26.05:236][  0]LogPakFile: Registered encryption key '00000000000000000000000000000000': 0 pak files mounted, 0 remain pending
[2019.10.24-23.26.05:545][  0]LogPakFile: Registered encryption key '00000000000000000000000000000000': 0 pak files mounted, 0 remain pending
[2019.10.24-23.26.06:057][  0]LogPakFile: Registered encryption key '00000000000000000000000000000000': 0 pak files mounted, 0 remain pending
[2019.10.24-23.26.06:284][  0]LogPakFile: Registered encryption key '00000000000000000000000000000000': 0 pak files mounted, 0 remain pending
[2019.10.24-23.26.06:649][  0]LogPakFile: Registered encryption key '00000000000000000000000000000000': 0 pak files mounted, 0 remain pending
[2019.10.24-23.26.06:928][  0]LogPakFile: Registered encryption key '00000000000000000000000000000000': 0 pak files mounted, 0 remain pending
[2019.10.24-23.26.07:506][  0]LogPakFile: Registered encryption key '00000000000000000000000000000000': 0 pak files mounted, 0 remain pending
[2019.10.24-23.26.07:608][  0]LogPakFile: Registered encryption key '00000000000000000000000000000000': 0 pak files mounted, 0 remain pending
[2019.10.24-23.26.07:893][  0]LogPakFile: Registered encryption key '00000000000000000000000000000000': 0 pak files mounted, 0 remain pending
[2019.10.24-23.26.08:263][  0]LogPakFile: Registered encryption key '00000000000000000000000000000000': 0 pak files mounted, 0 remain pending
[2019.10.24-23.26.08:714][  0]LogPakFile: Registered encryption key '00000000000000000000000000000000': 0 pak files mounted, 0 remain pending
[2019.10.24-23.26.08:901][  0]LogPakFile: Registered encryption key '00000000000000000000000000000000': 0 pak files mounted, 0 remain pending
[2019.10.24-23.26.09:187][  0]LogPakFile: Registered encryption key '00000000000000000000000000000000': 0 pak files mounted, 0 remain pending
[2019.10.24-23.26.09:508][  0]LogPakFile: Registered encryption key '00000000000000000000000000000000': 0 pak files mounted, 0 remain pending
[2019.10.24-23.26.09:784][  0]LogPakFile: Registered encryption key '00000000000000000000000000000000': 0 pak files mounted, 0 remain pending
[2019.10.24-23.26.24:938][  0]LogContentBrowser: Native class hierarchy updated for 'AddContentDialog' in 0.0010 seconds. Added 0 classes and 0 folders.
[2019.10.24-23.26.27:197][  0]LogContentBrowser: Native class hierarchy updated for 'SceneOutliner' in 0.0004 seconds. Added 1 classes and 2 folders.
[2019.10.24-23.26.36:376][  0]LogSlate: Took 0.000186 seconds to synchronously load lazily loaded font '../../../Engine/Content/Slate/Fonts/Roboto-Regular.ttf' (155K)
[2019.10.24-23.26.36:379][  0]LogSlate: Took 0.000181 seconds to synchronously load lazily loaded font '../../../Engine/Content/Slate/Fonts/Roboto-Bold.ttf' (160K)
[2019.10.24-23.26.36:390][  0]LogSlate: Took 0.000166 seconds to synchronously load lazily loaded font '../../../Engine/Content/Editor/Slate/Fonts/FontAwesome.ttf' (139K)
[2019.10.24-23.26.39:430][  0]LogRenderer: Reallocating scene render targets to support 1208x576 Format 10 NumSamples 1 (Frame:1).
[2019.10.24-23.26.50:161][  0]LogContentBrowser: Native class hierarchy updated for 'HierarchicalLODOutliner' in 0.0006 seconds. Added 0 classes and 0 folders.
[2019.10.24-23.26.50:161][  0]LogLoad: (Engine Initialization) Total time: 705.79 seconds
[2019.10.24-23.26.50:161][  0]LogLoad: (Engine Initialization) Total Blueprint compile time: 0.00 seconds
[2019.10.24-23.26.53:125][  0]LogContentStreaming: Texture pool size now 1000 MB
[2019.10.24-23.26.53:468][  0]LogSlate: FSceneViewport::OnFocusLost() reason 2
[2019.10.24-23.26.59:198][  1]LogSlate: Took 0.001045 seconds to synchronously load lazily loaded font '../../../Engine/Content/Slate/Fonts/Roboto-Light.ttf' (167K)
[2019.10.24-23.26.59:411][  2]LogAssetRegistry: Asset discovery search completed in 307.3874 seconds
[2019.10.24-23.26.59:419][  2]LogCollectionManager: Rebuilt the object cache for 0 collections in 0.000001 seconds (found 0 objects)
[2019.10.24-23.26.59:419][  2]LogCollectionManager: Fixed up redirectors for 0 collections in 0.000084 seconds (updated 0 objects)
[2019.10.24-23.27.22:855][141]LogSlate: Window 'Message Log' being destroyed
[2019.10.24-23.27.22:864][141]LogSlate: Window 'Message Log' being destroyed
[2019.10.24-23.27.44:349][142]LogSlate: FSceneViewport::OnFocusLost() reason 2
[2019.10.24-23.27.44:549][142]LogSlate: FSceneViewport::OnFocusLost() reason 2
[2019.10.24-23.27.44:634][142]LogSlate: FSceneViewport::OnFocusLost() reason 2
[2019.10.24-23.28.39:833][324]LogSlate: FSceneViewport::OnFocusLost() reason 0
[2019.10.24-23.29.36:396][789]LogSlate: FSceneViewport::OnFocusLost() reason 2
[2019.10.24-23.30.08:295][466]LogSlate: FSceneViewport::OnFocusLost() reason 0
[2019.10.24-23.30.38:463][369]LogSlate: FSceneViewport::OnFocusLost() reason 0
[2019.10.24-23.30.38:550][370]LogSlate: Took 0.000186 seconds to synchronously load lazily loaded font '../../../Engine/Content/Slate/Fonts/Roboto-Light.ttf' (167K)
[2019.10.24-23.30.38:619][370]LogUObjectHash: Compacting FUObjectHashTables data took   1.33ms
[2019.10.24-23.30.40:009][370]LogSavePackage: Moving '../../../../Users/W207542133/Desktop/halloween/Rand_halloween/Saved/Rand_tower2A6A261F4E052BB8042D5B85A8CD9A67.tmp' to '../../../../Users/W207542133/Desktop/halloween/Rand_halloween/Content/Rand_halloween/Rand_tower.umap'
[2019.10.24-23.30.51:297][462]LogSlate: FSceneViewport::OnFocusLost() reason 0
[2019.10.24-23.31.39:850][158]LogSlate: FSceneViewport::OnFocusLost() reason 0
[2019.10.24-23.31.42:278][160]LogTexture: Display: Building textures: Texture2D_2 (G8, 128X128)
[2019.10.24-23.32.06:245][ 31]LogSlate: FSceneViewport::OnFocusLost() reason 2
[2019.10.24-23.32.17:563][491]LogSlate: FSceneViewport::OnFocusLost() reason 0
[2019.10.24-23.32.23:055][572]LogTexture: Display: Building textures: Texture2D_28 (BGRA8, 64X64)
[2019.10.24-23.32.23:366][572]LogTexture: Display: Building textures: Texture2D_29 (BGRA8, 64X64)
[2019.10.24-23.33.33:267][928]LogTexture: Display: Building textures: Texture2D_30 (BGRA8, 64X64)
[2019.10.24-23.34.21:061][411]LogSlate: FSceneViewport::OnFocusLost() reason 0
[2019.10.24-23.35.55:836][209]LogSlate: FSceneViewport::OnFocusLost() reason 0
[2019.10.24-23.37.30:219][763]LogUObjectHash: Compacting FUObjectHashTables data took   2.07ms
[2019.10.24-23.37.30:400][763]LogTexture: Display: Building textures: Texture2D_0 (BGRA8, 512X512)
[2019.10.24-23.37.30:409][763]LogTexture: Display: Building textures: Texture2D_12 (BGRA8, 64X64)
[2019.10.24-23.37.30:410][763]LogTexture: Display: Building textures: Texture2D_28 (BGRA8, 64X64)
[2019.10.24-23.37.30:433][763]LogTexture: Display: Building textures: Texture2D_23 (BGRA8, 64X64)
[2019.10.24-23.37.30:444][763]LogTexture: Display: Building textures: Texture2D_3 (BGRA8, 64X64)
[2019.10.24-23.37.30:444][763]LogTexture: Display: Building textures: Texture2D_30 (BGRA8, 64X64)
[2019.10.24-23.37.30:454][763]LogTexture: Display: Building textures: Texture2D_29 (BGRA8, 64X64)
[2019.10.24-23.37.30:474][763]LogTexture: Display: Building textures: Texture2D_4 (BGRA8, 64X64)
[2019.10.24-23.37.30:475][763]LogTexture: Display: Building textures: Texture2D_15 (BGRA8, 64X64)
[2019.10.24-23.37.30:905][763]LogSavePackage: Moving '../../../../Users/W207542133/Desktop/halloween/Rand_halloween/Saved/Rand_tower63BB124743B835D6698DA5BF38C1A148.tmp' to '../../../../Users/W207542133/Desktop/halloween/Rand_halloween/Content/Rand_halloween/Rand_tower.umap'
[2019.10.24-23.43.50:620][696]LogLinker: Warning: Can't find file '/Game/InfinityBladeGrassLands/Environments/Plains/Env_Plains_Statues/Materials/M_Plains_Angel_Statue'
[2019.10.24-23.43.50:621][696]LogLinker: Warning: Can't find file for asset '/Game/InfinityBladeGrassLands/Environments/Plains/Env_Plains_Statues/Materials/M_Plains_Angel_Statue' while loading NULL.
[2019.10.24-23.43.50:621][696]LogLinker: Warning: Can't find file '/Game/InfinityBladeGrassLands/Environments/Plains/Env_Plains_Statues/Materials/M_Plains_Angel_Statue'
[2019.10.24-23.43.50:621][696]LogLinker: Warning: Can't find file for asset '/Game/InfinityBladeGrassLands/Environments/Plains/Env_Plains_Statues/Materials/M_Plains_Angel_Statue' while loading NULL.
[2019.10.24-23.43.50:622][696]LogLinker: Warning: Can't find file '/Game/InfinityBladeGrassLands/Environments/Plains/Env_Plains_Statues/Materials/M_Plains_Angel_Statue'
[2019.10.24-23.43.50:622][696]LoadErrors: Failed to load /Game/InfinityBladeGrassLands/Environments/Plains/Env_Plains_Statues/Materials/M_Plains_Angel_Statue.M_Plains_Angel_Statue Referenced by SM_Plains_Angel_Statue_01
[2019.10.24-23.43.50:622][696]LogLinker: Warning: Can't find file for asset '/Game/InfinityBladeGrassLands/Environments/Plains/Env_Plains_Statues/Materials/M_Plains_Angel_Statue' while loading NULL.
[2019.10.24-23.43.50:624][696]LogLinker: Warning: Can't find file '/Game/InfinityBladeGrassLands/Environments/Plains/Env_Plains_Statues/Materials/M_Plains_Angel_Statue'
[2019.10.24-23.43.50:624][696]LogLinker: Warning: Can't find file for asset '/Game/InfinityBladeGrassLands/Environments/Plains/Env_Plains_Statues/Materials/M_Plains_Angel_Statue' while loading NULL.
[2019.10.24-23.43.50:624][696]LogLinker: Warning: Can't find file '/Game/InfinityBladeGrassLands/Environments/Plains/Env_Plains_Statues/Materials/M_Plains_Angel_Statue'
[2019.10.24-23.43.50:625][696]LogLinker: Warning: Can't find file for asset '/Game/InfinityBladeGrassLands/Environments/Plains/Env_Plains_Statues/Materials/M_Plains_Angel_Statue' while loading NULL.
[2019.10.24-23.43.50:625][696]LogLinker: Warning: Can't find file '/Game/InfinityBladeGrassLands/Environments/Plains/Env_Plains_Statues/Materials/M_Plains_Angel_Statue'
[2019.10.24-23.43.50:625][696]LoadErrors: Failed to load /Game/InfinityBladeGrassLands/Environments/Plains/Env_Plains_Statues/Materials/M_Plains_Angel_Statue.M_Plains_Angel_Statue Referenced by SM_Plains_Angel_Statue_01_nobase
[2019.10.24-23.43.50:625][696]LogLinker: Warning: Can't find file for asset '/Game/InfinityBladeGrassLands/Environments/Plains/Env_Plains_Statues/Materials/M_Plains_Angel_Statue' while loading NULL.
[2019.10.24-23.43.50:628][696]LogLinker: Warning: Can't find file '/Game/InfinityBladeGrassLands/Environments/Plains/Env_Plains_Statues/Materials/M_Plains_Angel_Statue'
[2019.10.24-23.43.50:628][696]LogLinker: Warning: Can't find file for asset '/Game/InfinityBladeGrassLands/Environments/Plains/Env_Plains_Statues/Materials/M_Plains_Angel_Statue' while loading NULL.
[2019.10.24-23.43.50:628][696]LogLinker: Warning: Can't find file '/Game/InfinityBladeGrassLands/Environments/Plains/Env_Plains_Statues/Materials/M_Plains_Angel_Statue'
[2019.10.24-23.43.50:628][696]LogLinker: Warning: Can't find file for asset '/Game/InfinityBladeGrassLands/Environments/Plains/Env_Plains_Statues/Materials/M_Plains_Angel_Statue' while loading NULL.
[2019.10.24-23.43.50:629][696]LogLinker: Warning: Can't find file '/Game/InfinityBladeGrassLands/Environments/Plains/Env_Plains_Statues/Materials/M_Plains_Angel_Statue'
[2019.10.24-23.43.50:629][696]LoadErrors: Failed to load /Game/InfinityBladeGrassLands/Environments/Plains/Env_Plains_Statues/Materials/M_Plains_Angel_Statue.M_Plains_Angel_Statue Referenced by SM_Plains_Angel_Statue_01_nobase_torch
[2019.10.24-23.43.50:629][696]LogLinker: Warning: Can't find file for asset '/Game/InfinityBladeGrassLands/Environments/Plains/Env_Plains_Statues/Materials/M_Plains_Angel_Statue' while loading NULL.
[2019.10.24-23.43.50:631][696]LogLinker: Warning: Can't find file '/Game/InfinityBladeGrassLands/Environments/Plains/Env_Plains_Statues/Textures/T_Plains_Angel_Statue_D'
[2019.10.24-23.43.50:631][696]LogLinker: Warning: Can't find file for asset '/Game/InfinityBladeGrassLands/Environments/Plains/Env_Plains_Statues/Textures/T_Plains_Angel_Statue_D' while loading NULL.
[2019.10.24-23.43.50:631][696]LogLinker: Warning: Can't find file '/Game/InfinityBladeGrassLands/Environments/Plains/Env_Plains_Statues/Textures/T_Plains_Angel_Statue_N'
[2019.10.24-23.43.50:632][696]LogLinker: Warning: Can't find file for asset '/Game/InfinityBladeGrassLands/Environments/Plains/Env_Plains_Statues/Textures/T_Plains_Angel_Statue_N' while loading NULL.
[2019.10.24-23.43.50:632][696]LogLinker: Warning: Can't find file '/Game/InfinityBladeGrassLands/Environments/Plains/Env_Plains_Statues/Textures/T_Plains_Angel_Statue_D'
[2019.10.24-23.43.50:632][696]LogLinker: Warning: Can't find file for asset '/Game/InfinityBladeGrassLands/Environments/Plains/Env_Plains_Statues/Textures/T_Plains_Angel_Statue_D' while loading NULL.
[2019.10.24-23.43.50:632][696]LogLinker: Warning: Can't find file '/Game/InfinityBladeGrassLands/Environments/Plains/Env_Plains_Statues/Textures/T_Plains_Angel_Statue_N'
[2019.10.24-23.43.50:632][696]LogLinker: Warning: Can't find file for asset '/Game/InfinityBladeGrassLands/Environments/Plains/Env_Plains_Statues/Textures/T_Plains_Angel_Statue_N' while loading NULL.
[2019.10.24-23.43.50:633][696]LogLinker: Warning: Can't find file '/Game/InfinityBladeGrassLands/Environments/Plains/Env_Plains_Statues/Textures/T_Plains_Angel_Statue_D'
[2019.10.24-23.43.50:633][696]LoadErrors: Failed to load /Game/InfinityBladeGrassLands/Environments/Plains/Env_Plains_Statues/Textures/T_Plains_Angel_Statue_D.T_Plains_Angel_Statue_D Referenced by MaterialExpressionTextureSample_31
[2019.10.24-23.43.50:633][696]LogLinker: Warning: Can't find file for asset '/Game/InfinityBladeGrassLands/Environments/Plains/Env_Plains_Statues/Textures/T_Plains_Angel_Statue_D' while loading NULL.
[2019.10.24-23.43.50:633][696]LogLinker: Warning: Can't find file '/Game/InfinityBladeGrassLands/Environments/Plains/Env_Plains_Statues/Textures/T_Plains_Angel_Statue_N'
[2019.10.24-23.43.50:633][696]LoadErrors: Failed to load /Game/InfinityBladeGrassLands/Environments/Plains/Env_Plains_Statues/Textures/T_Plains_Angel_Statue_N.T_Plains_Angel_Statue_N Referenced by MaterialExpressionTextureSample_32
[2019.10.24-23.43.50:633][696]LogLinker: Warning: Can't find file for asset '/Game/InfinityBladeGrassLands/Environments/Plains/Env_Plains_Statues/Textures/T_Plains_Angel_Statue_N' while loading NULL.
[2019.10.24-23.43.50:636][696]LogMaterial: Display: Missing cached shader map for material M_Plains_Angel_Statue, compiling. 
[2019.10.24-23.43.50:681][696]LogMaterial: Warning: C:\Users\W207542133\Desktop\halloween\Rand_halloween\Content\statue\InfinityBladeGrassLands\Environments\Plains\Env_Plains_Statues\Materials\M_Plains_Angel_Statue.uasset: Failed to compile Material for platform PCD3D_SM5, Default Material will be used in game.
[2019.10.24-23.43.50:681][696]LogMaterial: 	(Node TextureSample) Texture Sample> Missing input texture
[2019.10.24-23.43.50:685][696]LogLinker: Warning: Can't find file '/Game/InfinityBladeGrassLands/Environments/Plains/Env_Plains_Statues/Materials/M_Plains_Castle_Demon'
[2019.10.24-23.43.50:685][696]LogLinker: Warning: Can't find file for asset '/Game/InfinityBladeGrassLands/Environments/Plains/Env_Plains_Statues/Materials/M_Plains_Castle_Demon' while loading NULL.
[2019.10.24-23.43.50:685][696]LogLinker: Warning: Can't find file '/Game/InfinityBladeGrassLands/Environments/Plains/Env_Plains_Statues/Materials/M_Plains_Castle_Demon'
[2019.10.24-23.43.50:685][696]LogLinker: Warning: Can't find file for asset '/Game/InfinityBladeGrassLands/Environments/Plains/Env_Plains_Statues/Materials/M_Plains_Castle_Demon' while loading NULL.
[2019.10.24-23.43.50:686][696]LogLinker: Warning: Can't find file '/Game/InfinityBladeGrassLands/Environments/Plains/Env_Plains_Statues/Materials/M_Plains_Castle_Demon'
[2019.10.24-23.43.50:686][696]LoadErrors: Failed to load /Game/InfinityBladeGrassLands/Environments/Plains/Env_Plains_Statues/Materials/M_Plains_Castle_Demon.M_Plains_Castle_Demon Referenced by SM_Plains_Castle_DemonDoor_01
[2019.10.24-23.43.50:686][696]LogLinker: Warning: Can't find file for asset '/Game/InfinityBladeGrassLands/Environments/Plains/Env_Plains_Statues/Materials/M_Plains_Castle_Demon' while loading NULL.
[2019.10.24-23.43.50:688][696]LogLinker: Warning: Can't find file '/Game/InfinityBladeGrassLands/Environments/Plains/Env_Plains_Statues/Textures/T_Plains_Ruins_DemonDoor_D'
[2019.10.24-23.43.50:688][696]LogLinker: Warning: Can't find file for asset '/Game/InfinityBladeGrassLands/Environments/Plains/Env_Plains_Statues/Textures/T_Plains_Ruins_DemonDoor_D' while loading NULL.
[2019.10.24-23.43.50:688][696]LogLinker: Warning: Can't find file '/Game/InfinityBladeGrassLands/Environments/Plains/Env_Plains_Statues/Textures/T_Plains_Ruins_DemonDoor_N'
[2019.10.24-23.43.50:689][696]LogLinker: Warning: Can't find file for asset '/Game/InfinityBladeGrassLands/Environments/Plains/Env_Plains_Statues/Textures/T_Plains_Ruins_DemonDoor_N' while loading NULL.
[2019.10.24-23.43.50:689][696]LogLinker: Warning: Can't find file '/Game/InfinityBladeGrassLands/Environments/Plains/Env_Plains_Statues/Textures/T_Plains_Ruins_DemonDoor_D'
[2019.10.24-23.43.50:689][696]LogLinker: Warning: Can't find file for asset '/Game/InfinityBladeGrassLands/Environments/Plains/Env_Plains_Statues/Textures/T_Plains_Ruins_DemonDoor_D' while loading NULL.
[2019.10.24-23.43.50:689][696]LogLinker: Warning: Can't find file '/Game/InfinityBladeGrassLands/Environments/Plains/Env_Plains_Statues/Textures/T_Plains_Ruins_DemonDoor_N'
[2019.10.24-23.43.50:689][696]LogLinker: Warning: Can't find file for asset '/Game/InfinityBladeGrassLands/Environments/Plains/Env_Plains_Statues/Textures/T_Plains_Ruins_DemonDoor_N' while loading NULL.
[2019.10.24-23.43.50:690][696]LogLinker: Warning: Can't find file '/Game/InfinityBladeGrassLands/Environments/Plains/Env_Plains_Statues/Textures/T_Plains_Ruins_DemonDoor_D'
[2019.10.24-23.43.50:690][696]LoadErrors: Failed to load /Game/InfinityBladeGrassLands/Environments/Plains/Env_Plains_Statues/Textures/T_Plains_Ruins_DemonDoor_D.T_Plains_Ruins_DemonDoor_D Referenced by MaterialExpressionTextureSample_33
[2019.10.24-23.43.50:690][696]LogLinker: Warning: Can't find file for asset '/Game/InfinityBladeGrassLands/Environments/Plains/Env_Plains_Statues/Textures/T_Plains_Ruins_DemonDoor_D' while loading NULL.
[2019.10.24-23.43.50:690][696]LogLinker: Warning: Can't find file '/Game/InfinityBladeGrassLands/Environments/Plains/Env_Plains_Statues/Textures/T_Plains_Ruins_DemonDoor_N'
[2019.10.24-23.43.50:690][696]LoadErrors: Failed to load /Game/InfinityBladeGrassLands/Environments/Plains/Env_Plains_Statues/Textures/T_Plains_Ruins_DemonDoor_N.T_Plains_Ruins_DemonDoor_N Referenced by MaterialExpressionTextureSample_34
[2019.10.24-23.43.50:690][696]LogLinker: Warning: Can't find file for asset '/Game/InfinityBladeGrassLands/Environments/Plains/Env_Plains_Statues/Textures/T_Plains_Ruins_DemonDoor_N' while loading NULL.
[2019.10.24-23.43.50:693][696]LogMaterial: Display: Missing cached shader map for material M_Plains_Castle_Demon, compiling. 
[2019.10.24-23.43.50:693][696]LogMaterial: Warning: C:\Users\W207542133\Desktop\halloween\Rand_halloween\Content\statue\InfinityBladeGrassLands\Environments\Plains\InfinityBladeGrassLands\Environments\Plains\Env_Plains_Statues\Materials\M_Plains_Castle_Demon.uasset: Failed to compile Material for platform PCD3D_SM5, Default Material will be used in game.
[2019.10.24-23.43.50:693][696]LogMaterial: 	(Node TextureSample) Texture Sample> Missing input texture
[2019.10.24-23.43.51:116][696]LogSavePackage: Moving '../../../../Users/W207542133/Desktop/halloween/Rand_halloween/Saved/SM_Plains_Angel_Statue_013482376C4D55658D188A64B6BC8EF3E5.tmp' to '../../../../Users/W207542133/Desktop/halloween/Rand_halloween/Content/statue/Environments/Plains/Env_Plains_Statues/StaticMesh/SM_Plains_Angel_Statue_01.uasset'
[2019.10.24-23.43.51:191][696]LogSavePackage: Moving '../../../../Users/W207542133/Desktop/halloween/Rand_halloween/Saved/SM_Plains_Angel_Statue_01_nobaseC0933D5E403007FBBFE92E86D5B458E7.tmp' to '../../../../Users/W207542133/Desktop/halloween/Rand_halloween/Content/statue/Environments/Plains/Env_Plains_Statues/StaticMesh/SM_Plains_Angel_Statue_01_nobase.uasset'
[2019.10.24-23.43.51:265][696]LogSavePackage: Moving '../../../../Users/W207542133/Desktop/halloween/Rand_halloween/Saved/SM_Plains_Angel_Statue_01_nobase409C58824F357EC3D0BC2F885AB587A8.tmp' to '../../../../Users/W207542133/Desktop/halloween/Rand_halloween/Content/statue/Environments/Plains/Env_Plains_Statues/StaticMesh/SM_Plains_Angel_Statue_01_nobase_torch.uasset'
[2019.10.24-23.43.51:355][696]LogSavePackage: Moving '../../../../Users/W207542133/Desktop/halloween/Rand_halloween/Saved/M_Plains_Angel_StatueB58C7C9D422B27AEDDDF6C9E9633E9C7.tmp' to '../../../../Users/W207542133/Desktop/halloween/Rand_halloween/Content/statue/Environments/Plains/Env_Plains_Statues/Materials/M_Plains_Angel_Statue.uasset'
[2019.10.24-23.43.51:504][696]LogSavePackage: Moving '../../../../Users/W207542133/Desktop/halloween/Rand_halloween/Saved/T_Plains_Angel_Statue_D5810FA864989166F21A909A86DA32943.tmp' to '../../../../Users/W207542133/Desktop/halloween/Rand_halloween/Content/statue/Environments/Plains/Env_Plains_Statues/Textures/T_Plains_Angel_Statue_D.uasset'
[2019.10.24-23.43.51:696][696]LogSavePackage: Moving '../../../../Users/W207542133/Desktop/halloween/Rand_halloween/Saved/T_Plains_Angel_Statue_N83480C054C5BD08C18264E92E8E6F9FC.tmp' to '../../../../Users/W207542133/Desktop/halloween/Rand_halloween/Content/statue/Environments/Plains/Env_Plains_Statues/Textures/T_Plains_Angel_Statue_N.uasset'
[2019.10.24-23.43.51:801][696]LogSavePackage: Moving '../../../../Users/W207542133/Desktop/halloween/Rand_halloween/Saved/SM_Plains_Castle_DemonDoor_0187395227421D51123AA5DF935EC576E4.tmp' to '../../../../Users/W207542133/Desktop/halloween/Rand_halloween/Content/statue/Environments/Plains/InfinityBladeGrassLands/Environments/Plains/Env_Plains_Statues/StaticMesh/SM_Plains_Castle_DemonDoor_01.uasset'
[2019.10.24-23.43.51:896][696]LogSavePackage: Moving '../../../../Users/W207542133/Desktop/halloween/Rand_halloween/Saved/M_Plains_Castle_Demon32D0566E4347482655F307AFD96DDEE6.tmp' to '../../../../Users/W207542133/Desktop/halloween/Rand_halloween/Content/statue/Environments/Plains/InfinityBladeGrassLands/Environments/Plains/Env_Plains_Statues/Materials/M_Plains_Castle_Demon.uasset'
[2019.10.24-23.43.52:087][696]LogSavePackage: Moving '../../../../Users/W207542133/Desktop/halloween/Rand_halloween/Saved/T_Plains_Ruins_DemonDoor_D08B7D5534470802EC306EAA7D8C07CA5.tmp' to '../../../../Users/W207542133/Desktop/halloween/Rand_halloween/Content/statue/Environments/Plains/InfinityBladeGrassLands/Environments/Plains/Env_Plains_Statues/Textures/T_Plains_Ruins_DemonDoor_D.uasset'
[2019.10.24-23.43.52:329][696]LogSavePackage: Moving '../../../../Users/W207542133/Desktop/halloween/Rand_halloween/Saved/T_Plains_Ruins_DemonDoor_NE77711B84B67F70B0E385183B27D8BDC.tmp' to '../../../../Users/W207542133/Desktop/halloween/Rand_halloween/Content/statue/Environments/Plains/InfinityBladeGrassLands/Environments/Plains/Env_Plains_Statues/Textures/T_Plains_Ruins_DemonDoor_N.uasset'
[2019.10.24-23.43.52:935][696]LogUObjectHash: Compacting FUObjectHashTables data took   2.09ms
[2019.10.24-23.43.52:957][696]LogUObjectHash: Compacting FUObjectHashTables data took   0.57ms
[2019.10.24-23.43.52:979][696]LogUObjectHash: Compacting FUObjectHashTables data took   0.59ms
[2019.10.24-23.43.53:003][696]LogUObjectHash: Compacting FUObjectHashTables data took   0.60ms
[2019.10.24-23.43.53:026][696]LogUObjectHash: Compacting FUObjectHashTables data took   0.64ms
[2019.10.24-23.43.53:051][696]LogUObjectHash: Compacting FUObjectHashTables data took   0.64ms
[2019.10.24-23.43.53:073][696]LogUObjectHash: Compacting FUObjectHashTables data took   0.65ms
[2019.10.24-23.43.53:093][696]LogUObjectHash: Compacting FUObjectHashTables data took   0.64ms
[2019.10.24-23.43.53:113][696]LogUObjectHash: Compacting FUObjectHashTables data took   0.62ms
[2019.10.24-23.43.53:134][696]LogUObjectHash: Compacting FUObjectHashTables data took   0.63ms
[2019.10.24-23.43.53:158][696]LogUObjectHash: Compacting FUObjectHashTables data took   1.58ms
[2019.10.24-23.43.53:178][696]LogUObjectHash: Compacting FUObjectHashTables data took   0.64ms
[2019.10.24-23.44.10:628][911]LogSavePackage: Moving '../../../../Users/W207542133/Desktop/halloween/Rand_halloween/Saved/T_Plains_Angel_Statue_N8BFC36E443C29E2CBF14ADB441BB65A5.tmp' to '../../../../Users/W207542133/Desktop/halloween/Rand_halloween/Content/statue/Env_Plains_Statues/Textures/T_Plains_Angel_Statue_N.uasset'
[2019.10.24-23.44.10:803][911]LogSavePackage: Moving '../../../../Users/W207542133/Desktop/halloween/Rand_halloween/Saved/T_Plains_Angel_Statue_D4351E0A9405D41BAC5186997289BA16F.tmp' to '../../../../Users/W207542133/Desktop/halloween/Rand_halloween/Content/statue/Env_Plains_Statues/Textures/T_Plains_Angel_Statue_D.uasset'
[2019.10.24-23.44.10:892][911]LogSavePackage: Moving '../../../../Users/W207542133/Desktop/halloween/Rand_halloween/Saved/M_Plains_Angel_StatueEC045CC64BA0D602CF598494883CE9F7.tmp' to '../../../../Users/W207542133/Desktop/halloween/Rand_halloween/Content/statue/Env_Plains_Statues/Materials/M_Plains_Angel_Statue.uasset'
[2019.10.24-23.44.10:962][911]LogSavePackage: Moving '../../../../Users/W207542133/Desktop/halloween/Rand_halloween/Saved/SM_Plains_Angel_Statue_01_nobase67E5F55F453007317AFBBABA41FDD209.tmp' to '../../../../Users/W207542133/Desktop/halloween/Rand_halloween/Content/statue/Env_Plains_Statues/StaticMesh/SM_Plains_Angel_Statue_01_nobase_torch.uasset'
[2019.10.24-23.44.11:032][911]LogSavePackage: Moving '../../../../Users/W207542133/Desktop/halloween/Rand_halloween/Saved/SM_Plains_Angel_Statue_01_nobaseE77CF362441E425C3D696CA2C1FFB793.tmp' to '../../../../Users/W207542133/Desktop/halloween/Rand_halloween/Content/statue/Env_Plains_Statues/StaticMesh/SM_Plains_Angel_Statue_01_nobase.uasset'
[2019.10.24-23.44.11:107][911]LogSavePackage: Moving '../../../../Users/W207542133/Desktop/halloween/Rand_halloween/Saved/SM_Plains_Angel_Statue_0145DBBDD141C8BAF015EB8A80ABAAE6F9.tmp' to '../../../../Users/W207542133/Desktop/halloween/Rand_halloween/Content/statue/Env_Plains_Statues/StaticMesh/SM_Plains_Angel_Statue_01.uasset'
[2019.10.24-23.44.11:448][911]LogUObjectHash: Compacting FUObjectHashTables data took   0.64ms
[2019.10.24-23.44.11:472][911]LogUObjectHash: Compacting FUObjectHashTables data took   0.58ms
[2019.10.24-23.44.11:497][911]LogUObjectHash: Compacting FUObjectHashTables data took   0.60ms
[2019.10.24-23.44.11:522][911]LogUObjectHash: Compacting FUObjectHashTables data took   0.83ms
[2019.10.24-23.44.11:546][911]LogUObjectHash: Compacting FUObjectHashTables data took   0.60ms
[2019.10.24-23.44.11:574][911]LogUObjectHash: Compacting FUObjectHashTables data took   0.65ms
[2019.10.24-23.44.11:598][911]LogUObjectHash: Compacting FUObjectHashTables data took   1.62ms
[2019.10.24-23.44.11:620][911]LogUObjectHash: Compacting FUObjectHashTables data took   0.66ms
[2019.10.24-23.44.26:325][623]LogSavePackage: Moving '../../../../Users/W207542133/Desktop/halloween/Rand_halloween/Saved/T_Plains_Ruins_DemonDoor_NCBA9011948529638215F8E99C373E8DA.tmp' to '../../../../Users/W207542133/Desktop/halloween/Rand_halloween/Content/statue/Env_Plains_Statues/Textures/T_Plains_Ruins_DemonDoor_N.uasset'
[2019.10.24-23.44.26:502][623]LogSavePackage: Moving '../../../../Users/W207542133/Desktop/halloween/Rand_halloween/Saved/T_Plains_Ruins_DemonDoor_D86FD749E42111E2D73C02EB564DAC1C2.tmp' to '../../../../Users/W207542133/Desktop/halloween/Rand_halloween/Content/statue/Env_Plains_Statues/Textures/T_Plains_Ruins_DemonDoor_D.uasset'
[2019.10.24-23.44.26:639][623]LogSavePackage: Moving '../../../../Users/W207542133/Desktop/halloween/Rand_halloween/Saved/M_Plains_Castle_Demon70713264471B34DD67B800A9B39C22B5.tmp' to '../../../../Users/W207542133/Desktop/halloween/Rand_halloween/Content/statue/Env_Plains_Statues/Materials/M_Plains_Castle_Demon.uasset'
[2019.10.24-23.44.26:707][623]LogSavePackage: Moving '../../../../Users/W207542133/Desktop/halloween/Rand_halloween/Saved/SM_Plains_Castle_DemonDoor_0150A4228A47298720EBAB13AA4068B29F.tmp' to '../../../../Users/W207542133/Desktop/halloween/Rand_halloween/Content/statue/Env_Plains_Statues/StaticMesh/SM_Plains_Castle_DemonDoor_01.uasset'
[2019.10.24-23.44.26:970][623]LogUObjectHash: Compacting FUObjectHashTables data took   0.77ms
[2019.10.24-23.44.26:990][623]LogUObjectHash: Compacting FUObjectHashTables data took   0.62ms
[2019.10.24-23.44.27:012][623]LogUObjectHash: Compacting FUObjectHashTables data took   0.61ms
[2019.10.24-23.44.27:033][623]LogUObjectHash: Compacting FUObjectHashTables data took   0.62ms
[2019.10.24-23.44.27:058][623]LogUObjectHash: Compacting FUObjectHashTables data took   1.78ms
[2019.10.24-23.44.27:079][623]LogUObjectHash: Compacting FUObjectHashTables data took   0.60ms
[2019.10.24-23.47.18:180][498]LogSlate: FSceneViewport::OnFocusLost() reason 0
[2019.10.24-23.47.28:486][784]LogSlate: Window 'Color Picker' being destroyed
[2019.10.24-23.47.30:667][848]LogSlate: Took 0.026165 seconds to synchronously load lazily loaded font '../../../Engine/Content/Slate/Fonts/Roboto-Italic.ttf' (157K)
[2019.10.24-23.47.38:238][ 65]LogSlate: Took 0.066037 seconds to synchronously load lazily loaded font '../../../Engine/Content/Slate/Fonts/DroidSansFallback.ttf' (3848K)
[2019.10.24-23.47.40:024][146]LogEditorViewport: Clicking on Actor (LMB): BP_GoodSky_C (BP_GoodSky)
[2019.10.24-23.47.57:241][957]LogEditorViewport: Clicking on Actor (LMB): BP_GoodSky_C (BP_GoodSky)
[2019.10.24-23.47.58:091][995]LogSlate: FSceneViewport::OnFocusLost() reason 0
[2019.10.24-23.48.13:291][515]LogSlate: FSceneViewport::OnFocusLost() reason 0
[2019.10.24-23.48.22:930][840]LogEditorViewport: Clicking on Actor (LMB): Landscape (Landscape)
[2019.10.24-23.48.29:002][  2]LogSlate: FSceneViewport::OnFocusLost() reason 0
[2019.10.24-23.48.33:740][162]LogEditorViewport: Clicking on Actor (LMB): Landscape (Landscape)
[2019.10.24-23.48.46:052][527]LogSlate: FSceneViewport::OnFocusLost() reason 0
[2019.10.24-23.48.50:266][664]Cmd: BRUSH ADD SELECTNEWBRUSH
[2019.10.24-23.48.53:170][770]LogSlate: FSceneViewport::OnFocusLost() reason 0
[2019.10.24-23.49.36:717][423]LogSlate: FSceneViewport::OnFocusLost() reason 0
[2019.10.24-23.49.46:186][783]LogSlate: FSceneViewport::OnFocusLost() reason 2
[2019.10.24-23.49.50:534][ 27]LogSlate: FSceneViewport::OnFocusLost() reason 0
[2019.10.24-23.50.27:137][339]LogEditorViewport: Clicking on Actor (LMB): Brush (Cylinder Brush6)
[2019.10.24-23.50.27:872][363]LogEditorViewport: Clicking on Actor (LMB): Brush (Cylinder Brush6)
[2019.10.24-23.50.30:681][463]LogSlate: FSceneViewport::OnFocusLost() reason 0
[2019.10.24-23.50.43:103][914]LogSlate: FSceneViewport::OnFocusLost() reason 0
[2019.10.24-23.50.48:441][107]LogSlate: FSceneViewport::OnFocusLost() reason 0
[2019.10.24-23.51.03:600][620]LogSlate: FSceneViewport::OnFocusLost() reason 0
[2019.10.24-23.51.13:918][212]LogUObjectHash: Compacting FUObjectHashTables data took   1.74ms
[2019.10.24-23.51.14:378][212]LogSavePackage: Moving '../../../../Users/W207542133/Desktop/halloween/Rand_halloween/Saved/Rand_tower33CCFA3C4C68B1EF9648EF81A4313F77.tmp' to '../../../../Users/W207542133/Desktop/halloween/Rand_halloween/Content/Rand_halloween/Rand_tower.umap'
