Log file open, 10/29/19 17:04:45
LogWindows: Failed to load 'aqProf.dll' (GetLastError=126)
LogWindows: File 'aqProf.dll' does not exist
LogWindows: Failed to load 'VtuneApi.dll' (GetLastError=126)
LogWindows: File 'VtuneApi.dll' does not exist
LogWindows: Failed to load 'VtuneApi32e.dll' (GetLastError=126)
LogWindows: File 'VtuneApi32e.dll' does not exist
LogConsoleResponse: Display: Failed to find resolution value strings in scalability ini. Falling back to default.
LogInit: Display: Running engine for game: Rand_halloween
LogPakFile: Registered encryption key '00000000000000000000000000000000': 0 pak files mounted, 0 remain pending
LogPlatformFile: Not using cached read wrapper
LogTaskGraph: Started task graph with 5 named threads and 23 total threads with 3 sets of task threads.
LogStats: Stats thread started at 0.817459
LogD3D11RHI: Loaded GFSDK_Aftermath_Lib.x64.dll
LogICUInternationalization: ICU TimeZone Detection - Raw Offset: -6:00, Platform Override: ''
LogPluginManager: Mounting plugin Paper2D
LogPluginManager: Mounting plugin AISupport
LogPluginManager: Mounting plugin LightPropagationVolume
LogPluginManager: Mounting plugin ActorLayerUtilities
LogPluginManager: Mounting plugin AnimationSharing
LogPluginManager: Mounting plugin CLionSourceCodeAccess
LogPluginManager: Mounting plugin CodeLiteSourceCodeAccess
LogPluginManager: Mounting plugin GitSourceControl
LogPluginManager: Mounting plugin KDevelopSourceCodeAccess
LogPluginManager: Mounting plugin NullSourceCodeAccess
LogPluginManager: Mounting plugin PerforceSourceControl
LogPluginManager: Mounting plugin SubversionSourceControl
LogPluginManager: Mounting plugin UObjectPlugin
LogPluginManager: Mounting plugin VisualStudioCodeSourceCodeAccess
LogPluginManager: Mounting plugin VisualStudioSourceCodeAccess
LogPluginManager: Mounting plugin XCodeSourceCodeAccess
LogPluginManager: Mounting plugin AssetManagerEditor
LogPluginManager: Mounting plugin CryptoKeys
LogPluginManager: Mounting plugin DataValidation
LogPluginManager: Mounting plugin FacialAnimation
LogPluginManager: Mounting plugin GameplayTagsEditor
LogPluginManager: Mounting plugin MacGraphicsSwitching
LogPluginManager: Mounting plugin MaterialAnalyzer
LogPluginManager: Mounting plugin MobileLauncherProfileWizard
LogPluginManager: Mounting plugin PluginBrowser
LogPluginManager: Mounting plugin SpeedTreeImporter
LogPluginManager: Mounting plugin DatasmithContent
LogPluginManager: Mounting plugin VariantManagerContent
LogPluginManager: Mounting plugin AlembicImporter
LogPluginManager: Mounting plugin AppleImageUtils
LogPluginManager: Mounting plugin AppleVision
LogPluginManager: Mounting plugin BackChannel
LogPluginManager: Mounting plugin CharacterAI
LogPluginManager: Mounting plugin GeometryCache
LogPluginManager: Mounting plugin HTML5Networking
LogPluginManager: Mounting plugin ProxyLODPlugin
LogPluginManager: Mounting plugin SkeletalReduction
LogPluginManager: Mounting plugin MagicLeap
LogPluginManager: Mounting plugin MagicLeapMedia
LogPluginManager: Mounting plugin AndroidMedia
LogPluginManager: Mounting plugin AvfMedia
LogPluginManager: Mounting plugin ImgMedia
LogPluginManager: Mounting plugin LinearTimecode
LogPluginManager: Mounting plugin MediaCompositing
LogPluginManager: Mounting plugin MediaPlayerEditor
LogPluginManager: Mounting plugin WebMMedia
LogPluginManager: Mounting plugin WmfMedia
LogPluginManager: Mounting plugin TcpMessaging
LogPluginManager: Mounting plugin UdpMessaging
LogPluginManager: Mounting plugin ActorSequence
LogPluginManager: Mounting plugin LevelSequenceEditor
LogPluginManager: Mounting plugin MatineeToLevelSequence
LogPluginManager: Mounting plugin NetcodeUnitTest
LogPluginManager: Mounting plugin NUTUnrealEngine4
LogPluginManager: Mounting plugin OnlineSubsystemGooglePlay
LogPluginManager: Mounting plugin OnlineSubsystemIOS
LogPluginManager: Mounting plugin OnlineSubsystem
LogPluginManager: Mounting plugin OnlineSubsystemNull
LogPluginManager: Mounting plugin OnlineSubsystemUtils
LogPluginManager: Mounting plugin LauncherChunkInstaller
LogPluginManager: Mounting plugin AndroidDeviceProfileSelector
LogPluginManager: Mounting plugin AndroidMoviePlayer
LogPluginManager: Mounting plugin AndroidPermission
LogPluginManager: Mounting plugin AppleMoviePlayer
LogPluginManager: Mounting plugin ArchVisCharacter
LogPluginManager: Mounting plugin AudioCapture
LogPluginManager: Mounting plugin CableComponent
LogPluginManager: Mounting plugin CustomMeshComponent
LogPluginManager: Mounting plugin EditableMesh
LogPluginManager: Mounting plugin ExampleDeviceProfileSelector
LogPluginManager: Mounting plugin Firebase
LogPluginManager: Mounting plugin GoogleCloudMessaging
LogPluginManager: Mounting plugin IOSDeviceProfileSelector
LogPluginManager: Mounting plugin LinuxDeviceProfileSelector
LogPluginManager: Mounting plugin LocationServicesBPLibrary
LogPluginManager: Mounting plugin MobilePatchingUtils
LogPluginManager: Mounting plugin OculusVR
LogPluginManager: Mounting plugin PhysXVehicles
LogPluginManager: Mounting plugin ProceduralMeshComponent
LogPluginManager: Mounting plugin RuntimePhysXCooking
LogPluginManager: Mounting plugin SignificanceManager
LogPluginManager: Mounting plugin SteamVR
LogPluginManager: Mounting plugin WebMMoviePlayer
LogPluginManager: Mounting plugin WindowsMoviePlayer
LogInit: Using libcurl 7.55.1-DEV
LogInit:  - built for x86_64-pc-win32
LogInit:  - supports SSL with OpenSSL/1.1.1
LogInit:  - supports HTTP deflate (compression) using libz 1.2.8
LogInit:  - other features:
LogInit:      CURL_VERSION_SSL
LogInit:      CURL_VERSION_LIBZ
LogInit:      CURL_VERSION_IPV6
LogInit:      CURL_VERSION_ASYNCHDNS
LogInit:      CURL_VERSION_LARGEFILE
LogInit:      CURL_VERSION_IDN
LogInit:  CurlRequestOptions (configurable via config and command line):
LogInit:  - bVerifyPeer = true  - Libcurl will verify peer certificate
LogInit:  - bUseHttpProxy = false  - Libcurl will NOT use HTTP proxy
LogInit:  - bDontReuseConnections = false  - Libcurl will reuse connections
LogInit:  - MaxHostConnections = 16  - Libcurl will limit the number of connections to a host
LogInit:  - LocalHostAddr = Default
LogInit:  - BufferSize = 65536
LogInit: WinSock: version 1.1 (2.2), MaxSocks=32767, MaxUdp=65467
LogInit: Build: ++UE4+Release-4.22-CL-6574378
LogInit: Engine Version: 4.22.2-6574378+++UE4+Release-4.22
LogInit: Compatible Engine Version: 4.22.0-5660361+++UE4+Release-4.22
LogInit: Net CL: 5660361
LogInit: OS: Windows 10 (Release 1809) (), CPU: Intel(R) Core(TM) i7-8550U CPU @ 1.80GHz, GPU: Intel(R) UHD Graphics 620
LogInit: Compiled (64-bit): May 20 2019 09:54:56
LogInit: Compiled with Visual C++: 19.16.27025.01
LogInit: Build Configuration: Development
LogInit: Branch Name: ++UE4+Release-4.22
LogInit: Command Line: 
LogInit: Base Directory: C:/Program Files/Epic Games/UE_4.22/Engine/Binaries/Win64/
LogInit: Installed Engine Build: 1
LogDevObjectVersion: Number of dev versions registered: 23
LogDevObjectVersion:   Dev-Blueprints (B0D832E4-1F89-4F0D-ACCF-7EB736FD4AA2): 10
LogDevObjectVersion:   Dev-Build (E1C64328-A22C-4D53-A36C-8E866417BD8C): 0
LogDevObjectVersion:   Dev-Core (375EC13C-06E4-48FB-B500-84F0262A717E): 3
LogDevObjectVersion:   Dev-Editor (E4B068ED-F494-42E9-A231-DA0B2E46BB41): 30
LogDevObjectVersion:   Dev-Framework (CFFC743F-43B0-4480-9391-14DF171D2073): 35
LogDevObjectVersion:   Dev-Mobile (B02B49B5-BB20-44E9-A304-32B752E40360): 2
LogDevObjectVersion:   Dev-Networking (A4E4105C-59A1-49B5-A7C5-40C4547EDFEE): 0
LogDevObjectVersion:   Dev-Online (39C831C9-5AE6-47DC-9A44-9C173E1C8E7C): 0
LogDevObjectVersion:   Dev-Physics (78F01B33-EBEA-4F98-B9B4-84EACCB95AA2): 0
LogDevObjectVersion:   Dev-Platform (6631380F-2D4D-43E0-8009-CF276956A95A): 0
LogDevObjectVersion:   Dev-Rendering (12F88B9F-8875-4AFC-A67C-D90C383ABD29): 28
LogDevObjectVersion:   Dev-Sequencer (7B5AE74C-D270-4C10-A958-57980B212A5A): 11
LogDevObjectVersion:   Dev-VR (D7296918-1DD6-4BDD-9DE2-64A83CC13884): 2
LogDevObjectVersion:   Dev-LoadTimes (C2A15278-BFE7-4AFE-6C17-90FF531DF755): 1
LogDevObjectVersion:   Private-Geometry (6EACA3D4-40EC-4CC1-B786-8BED09428FC5): 3
LogDevObjectVersion:   Dev-AnimPhys (29E575DD-E0A3-4627-9D10-D276232CDCEA): 17
LogDevObjectVersion:   Dev-Anim (AF43A65D-7FD3-4947-9873-3E8ED9C1BB05): 2
LogDevObjectVersion:   Dev-ReflectionCapture (6B266CEC-1EC7-4B8F-A30B-E4D90942FC07): 1
LogDevObjectVersion:   Dev-Automation (0DF73D61-A23F-47EA-B727-89E90C41499A): 1
LogDevObjectVersion:   FortniteMain (601D1886-AC64-4F84-AA16-D3DE0DEAC7D6): 25
LogDevObjectVersion:   Dev-Enterprise (9DFFBCD6-494F-0158-E221-12823C92A888): 6
LogDevObjectVersion:   Dev-Niagara (F2AED0AC-9AFE-416F-8664-AA7FFA26D6FC): 1
LogDevObjectVersion:   Dev-Destruction (174F1F0B-B4C6-45A5-B13F-2EE8D0FB917D): 2
LogInit: Presizing for max 16777216 objects, including 0 objects not considered by GC, pre-allocating 0 bytes for permanent pool.
LogInit: Object subsystem initialized
LogConfig: Setting CVar [[con.DebugEarlyDefault:1]]
LogConfig: Setting CVar [[r.setres:1280x720]]
[2019.10.29-22.04.47:369][  0]LogConfig: Setting CVar [[r.VSync:0]]
[2019.10.29-22.04.47:369][  0]LogConfig: Setting CVar [[r.RHICmdBypass:0]]
[2019.10.29-22.04.47:369][  0]LogConfig: Applying CVar settings from Section [/Script/Engine.RendererSettings] File [C:/Users/randg/OneDrive/Documents/school/game/halloween/Rand_halloween/Saved/Config/Windows/Engine.ini]
[2019.10.29-22.04.47:369][  0]LogConfig: Setting CVar [[r.GPUCrashDebugging:0]]
[2019.10.29-22.04.47:370][  0]LogConfig: Applying CVar settings from Section [/Script/Engine.RendererOverrideSettings] File [C:/Users/randg/OneDrive/Documents/school/game/halloween/Rand_halloween/Saved/Config/Windows/Engine.ini]
[2019.10.29-22.04.47:370][  0]LogConfig: Applying CVar settings from Section [/Script/Engine.StreamingSettings] File [C:/Users/randg/OneDrive/Documents/school/game/halloween/Rand_halloween/Saved/Config/Windows/Engine.ini]
[2019.10.29-22.04.47:370][  0]LogConfig: Setting CVar [[s.MinBulkDataSizeForAsyncLoading:131072]]
[2019.10.29-22.04.47:370][  0]LogConfig: Setting CVar [[s.AsyncLoadingThreadEnabled:0]]
[2019.10.29-22.04.47:370][  0]LogConfig: Setting CVar [[s.EventDrivenLoaderEnabled:1]]
[2019.10.29-22.04.47:370][  0]LogConfig: Setting CVar [[s.WarnIfTimeLimitExceeded:0]]
[2019.10.29-22.04.47:370][  0]LogConfig: Setting CVar [[s.TimeLimitExceededMultiplier:1.5]]
[2019.10.29-22.04.47:370][  0]LogConfig: Setting CVar [[s.TimeLimitExceededMinTime:0.005]]
[2019.10.29-22.04.47:370][  0]LogConfig: Setting CVar [[s.UseBackgroundLevelStreaming:1]]
[2019.10.29-22.04.47:370][  0]LogConfig: Setting CVar [[s.PriorityAsyncLoadingExtraTime:15.0]]
[2019.10.29-22.04.47:370][  0]LogConfig: Setting CVar [[s.LevelStreamingActorsUpdateTimeLimit:5.0]]
[2019.10.29-22.04.47:370][  0]LogConfig: Setting CVar [[s.PriorityLevelStreamingActorsUpdateExtraTime:5.0]]
[2019.10.29-22.04.47:370][  0]LogConfig: Setting CVar [[s.LevelStreamingComponentsRegistrationGranularity:10]]
[2019.10.29-22.04.47:370][  0]LogConfig: Setting CVar [[s.UnregisterComponentsTimeLimit:1.0]]
[2019.10.29-22.04.47:370][  0]LogConfig: Setting CVar [[s.LevelStreamingComponentsUnregistrationGranularity:5]]
[2019.10.29-22.04.47:370][  0]LogConfig: Applying CVar settings from Section [/Script/Engine.GarbageCollectionSettings] File [C:/Users/randg/OneDrive/Documents/school/game/halloween/Rand_halloween/Saved/Config/Windows/Engine.ini]
[2019.10.29-22.04.47:370][  0]LogConfig: Setting CVar [[gc.MaxObjectsNotConsideredByGC:1]]
[2019.10.29-22.04.47:370][  0]LogConfig: Setting CVar [[gc.SizeOfPermanentObjectPool:0]]
[2019.10.29-22.04.47:370][  0]LogConfig: Setting CVar [[gc.FlushStreamingOnGC:0]]
[2019.10.29-22.04.47:370][  0]LogConfig: Setting CVar [[gc.NumRetriesBeforeForcingGC:10]]
[2019.10.29-22.04.47:370][  0]LogConfig: Setting CVar [[gc.AllowParallelGC:1]]
[2019.10.29-22.04.47:370][  0]LogConfig: Setting CVar [[gc.TimeBetweenPurgingPendingKillObjects:61.1]]
[2019.10.29-22.04.47:370][  0]LogConfig: Setting CVar [[gc.MaxObjectsInEditor:16777216]]
[2019.10.29-22.04.47:370][  0]LogConfig: Setting CVar [[gc.IncrementalBeginDestroyEnabled:1]]
[2019.10.29-22.04.47:370][  0]LogConfig: Setting CVar [[gc.CreateGCClusters:1]]
[2019.10.29-22.04.47:371][  0]LogConfig: Setting CVar [[gc.MinGCClusterSize:5]]
[2019.10.29-22.04.47:371][  0]LogConfig: Setting CVar [[gc.ActorClusteringEnabled:0]]
[2019.10.29-22.04.47:371][  0]LogConfig: Setting CVar [[gc.BlueprintClusteringEnabled:0]]
[2019.10.29-22.04.47:371][  0]LogConfig: Setting CVar [[gc.UseDisregardForGCOnDedicatedServers:0]]
[2019.10.29-22.04.47:371][  0]LogConfig: Applying CVar settings from Section [/Script/Engine.NetworkSettings] File [C:/Users/randg/OneDrive/Documents/school/game/halloween/Rand_halloween/Saved/Config/Windows/Engine.ini]
[2019.10.29-22.04.47:371][  0]LogConfig: Applying CVar settings from Section [/Script/UnrealEd.CookerSettings] File [C:/Users/randg/OneDrive/Documents/school/game/halloween/Rand_halloween/Saved/Config/Windows/Engine.ini]
[2019.10.29-22.04.47:375][  0]LogConfig: Applying CVar settings from Section [ViewDistanceQuality@3] File [C:/Users/randg/OneDrive/Documents/school/game/halloween/Rand_halloween/Saved/Config/Windows/Scalability.ini]
[2019.10.29-22.04.47:375][  0]LogConfig: Setting CVar [[r.SkeletalMeshLODBias:0]]
[2019.10.29-22.04.47:375][  0]LogConfig: Setting CVar [[r.ViewDistanceScale:1.0]]
[2019.10.29-22.04.47:375][  0]LogConfig: Applying CVar settings from Section [AntiAliasingQuality@3] File [C:/Users/randg/OneDrive/Documents/school/game/halloween/Rand_halloween/Saved/Config/Windows/Scalability.ini]
[2019.10.29-22.04.47:375][  0]LogConfig: Setting CVar [[r.PostProcessAAQuality:4]]
[2019.10.29-22.04.47:375][  0]LogConfig: Applying CVar settings from Section [ShadowQuality@3] File [C:/Users/randg/OneDrive/Documents/school/game/halloween/Rand_halloween/Saved/Config/Windows/Scalability.ini]
[2019.10.29-22.04.47:375][  0]LogConfig: Setting CVar [[r.LightFunctionQuality:1]]
[2019.10.29-22.04.47:375][  0]LogConfig: Setting CVar [[r.ShadowQuality:5]]
[2019.10.29-22.04.47:375][  0]LogConfig: Setting CVar [[r.Shadow.CSM.MaxCascades:10]]
[2019.10.29-22.04.47:375][  0]LogConfig: Setting CVar [[r.Shadow.MaxResolution:2048]]
[2019.10.29-22.04.47:375][  0]LogConfig: Setting CVar [[r.Shadow.MaxCSMResolution:2048]]
[2019.10.29-22.04.47:375][  0]LogConfig: Setting CVar [[r.Shadow.RadiusThreshold:0.01]]
[2019.10.29-22.04.47:375][  0]LogConfig: Setting CVar [[r.Shadow.DistanceScale:1.0]]
[2019.10.29-22.04.47:375][  0]LogConfig: Setting CVar [[r.Shadow.CSM.TransitionScale:1.0]]
[2019.10.29-22.04.47:375][  0]LogConfig: Setting CVar [[r.Shadow.PreShadowResolutionFactor:1.0]]
[2019.10.29-22.04.47:375][  0]LogConfig: Setting CVar [[r.DistanceFieldShadowing:1]]
[2019.10.29-22.04.47:375][  0]LogConfig: Setting CVar [[r.DistanceFieldAO:1]]
[2019.10.29-22.04.47:375][  0]LogConfig: Setting CVar [[r.AOQuality:2]]
[2019.10.29-22.04.47:376][  0]LogConfig: Setting CVar [[r.VolumetricFog:1]]
[2019.10.29-22.04.47:376][  0]LogConfig: Setting CVar [[r.VolumetricFog.GridPixelSize:8]]
[2019.10.29-22.04.47:376][  0]LogConfig: Setting CVar [[r.VolumetricFog.GridSizeZ:128]]
[2019.10.29-22.04.47:376][  0]LogConfig: Setting CVar [[r.VolumetricFog.HistoryMissSupersampleCount:4]]
[2019.10.29-22.04.47:376][  0]LogConfig: Setting CVar [[r.LightMaxDrawDistanceScale:1]]
[2019.10.29-22.04.47:376][  0]LogConfig: Setting CVar [[r.CapsuleShadows:1]]
[2019.10.29-22.04.47:376][  0]LogConfig: Applying CVar settings from Section [PostProcessQuality@3] File [C:/Users/randg/OneDrive/Documents/school/game/halloween/Rand_halloween/Saved/Config/Windows/Scalability.ini]
[2019.10.29-22.04.47:376][  0]LogConfig: Setting CVar [[r.MotionBlurQuality:4]]
[2019.10.29-22.04.47:376][  0]LogConfig: Setting CVar [[r.AmbientOcclusionMipLevelFactor:0.4]]
[2019.10.29-22.04.47:376][  0]LogConfig: Setting CVar [[r.AmbientOcclusionMaxQuality:100]]
[2019.10.29-22.04.47:376][  0]LogConfig: Setting CVar [[r.AmbientOcclusionLevels:-1]]
[2019.10.29-22.04.47:376][  0]LogConfig: Setting CVar [[r.AmbientOcclusionRadiusScale:1.0]]
[2019.10.29-22.04.47:376][  0]LogConfig: Setting CVar [[r.DepthOfFieldQuality:2]]
[2019.10.29-22.04.47:376][  0]LogConfig: Setting CVar [[r.RenderTargetPoolMin:400]]
[2019.10.29-22.04.47:376][  0]LogConfig: Setting CVar [[r.LensFlareQuality:2]]
[2019.10.29-22.04.47:376][  0]LogConfig: Setting CVar [[r.SceneColorFringeQuality:1]]
[2019.10.29-22.04.47:376][  0]LogConfig: Setting CVar [[r.EyeAdaptationQuality:2]]
[2019.10.29-22.04.47:376][  0]LogConfig: Setting CVar [[r.BloomQuality:5]]
[2019.10.29-22.04.47:376][  0]LogConfig: Setting CVar [[r.FastBlurThreshold:100]]
[2019.10.29-22.04.47:376][  0]LogConfig: Setting CVar [[r.Upscale.Quality:3]]
[2019.10.29-22.04.47:376][  0]LogConfig: Setting CVar [[r.Tonemapper.GrainQuantization:1]]
[2019.10.29-22.04.47:376][  0]LogConfig: Setting CVar [[r.LightShaftQuality:1]]
[2019.10.29-22.04.47:376][  0]LogConfig: Setting CVar [[r.Filter.SizeScale:1]]
[2019.10.29-22.04.47:376][  0]LogConfig: Setting CVar [[r.Tonemapper.Quality:5]]
[2019.10.29-22.04.47:376][  0]LogConfig: Setting CVar [[r.DOF.Gather.AccumulatorQuality:1        ; higher gathering accumulator quality]]
[2019.10.29-22.04.47:376][  0]LogConfig: Setting CVar [[r.DOF.Gather.PostfilterMethod:1          ; Median3x3 postfilering method]]
[2019.10.29-22.04.47:377][  0]LogConfig: Setting CVar [[r.DOF.Gather.EnableBokehSettings:0       ; no bokeh simulation when gathering]]
[2019.10.29-22.04.47:377][  0]LogConfig: Setting CVar [[r.DOF.Gather.RingCount:4                 ; medium number of samples when gathering]]
[2019.10.29-22.04.47:377][  0]LogConfig: Setting CVar [[r.DOF.Scatter.ForegroundCompositing:1    ; additive foreground scattering]]
[2019.10.29-22.04.47:377][  0]LogConfig: Setting CVar [[r.DOF.Scatter.BackgroundCompositing:2    ; additive background scattering]]
[2019.10.29-22.04.47:377][  0]LogConfig: Setting CVar [[r.DOF.Scatter.EnableBokehSettings:1      ; bokeh simulation when scattering]]
[2019.10.29-22.04.47:377][  0]LogConfig: Setting CVar [[r.DOF.Scatter.MaxSpriteRatio:0.1         ; only a maximum of 10% of scattered bokeh]]
[2019.10.29-22.04.47:377][  0]LogConfig: Setting CVar [[r.DOF.Recombine.Quality:1                ; cheap slight out of focus]]
[2019.10.29-22.04.47:377][  0]LogConfig: Setting CVar [[r.DOF.Recombine.EnableBokehSettings:0    ; no bokeh simulation on slight out of focus]]
[2019.10.29-22.04.47:377][  0]LogConfig: Setting CVar [[r.DOF.TemporalAAQuality:1                ; more stable temporal accumulation]]
[2019.10.29-22.04.47:377][  0]LogConfig: Setting CVar [[r.DOF.Kernel.MaxForegroundRadius:0.025]]
[2019.10.29-22.04.47:377][  0]LogConfig: Setting CVar [[r.DOF.Kernel.MaxBackgroundRadius:0.025]]
[2019.10.29-22.04.47:377][  0]LogConfig: Applying CVar settings from Section [TextureQuality@3] File [C:/Users/randg/OneDrive/Documents/school/game/halloween/Rand_halloween/Saved/Config/Windows/Scalability.ini]
[2019.10.29-22.04.47:377][  0]LogConfig: Setting CVar [[r.Streaming.MipBias:0]]
[2019.10.29-22.04.47:377][  0]LogConfig: Setting CVar [[r.Streaming.AmortizeCPUToGPUCopy:0]]
[2019.10.29-22.04.47:377][  0]LogConfig: Setting CVar [[r.Streaming.MaxNumTexturesToStreamPerFrame:0]]
[2019.10.29-22.04.47:377][  0]LogConfig: Setting CVar [[r.Streaming.Boost:1]]
[2019.10.29-22.04.47:377][  0]LogConfig: Setting CVar [[r.MaxAnisotropy:8]]
[2019.10.29-22.04.47:377][  0]LogConfig: Setting CVar [[r.Streaming.LimitPoolSizeToVRAM:0]]
[2019.10.29-22.04.47:377][  0]LogConfig: Setting CVar [[r.Streaming.PoolSize:1000]]
[2019.10.29-22.04.47:377][  0]LogConfig: Setting CVar [[r.Streaming.MaxEffectiveScreenSize:0]]
[2019.10.29-22.04.47:377][  0]LogConfig: Applying CVar settings from Section [EffectsQuality@3] File [C:/Users/randg/OneDrive/Documents/school/game/halloween/Rand_halloween/Saved/Config/Windows/Scalability.ini]
[2019.10.29-22.04.47:377][  0]LogConfig: Setting CVar [[r.TranslucencyLightingVolumeDim:64]]
[2019.10.29-22.04.47:377][  0]LogConfig: Setting CVar [[r.RefractionQuality:2]]
[2019.10.29-22.04.47:377][  0]LogConfig: Setting CVar [[r.SSR.Quality:3]]
[2019.10.29-22.04.47:377][  0]LogConfig: Setting CVar [[r.SceneColorFormat:4]]
[2019.10.29-22.04.47:377][  0]LogConfig: Setting CVar [[r.DetailMode:2]]
[2019.10.29-22.04.47:377][  0]LogConfig: Setting CVar [[r.TranslucencyVolumeBlur:1]]
[2019.10.29-22.04.47:377][  0]LogConfig: Setting CVar [[r.MaterialQualityLevel:1 ; High quality]]
[2019.10.29-22.04.47:377][  0]LogConfig: Setting CVar [[r.SSS.Scale:1]]
[2019.10.29-22.04.47:377][  0]LogConfig: Setting CVar [[r.SSS.SampleSet:2]]
[2019.10.29-22.04.47:377][  0]LogConfig: Setting CVar [[r.SSS.Quality:1]]
[2019.10.29-22.04.47:377][  0]LogConfig: Setting CVar [[r.SSS.HalfRes:1]]
[2019.10.29-22.04.47:377][  0]LogConfig: Setting CVar [[r.EmitterSpawnRateScale:1.0]]
[2019.10.29-22.04.47:377][  0]LogConfig: Setting CVar [[r.ParticleLightQuality:2]]
[2019.10.29-22.04.47:377][  0]LogConfig: Applying CVar settings from Section [FoliageQuality@3] File [C:/Users/randg/OneDrive/Documents/school/game/halloween/Rand_halloween/Saved/Config/Windows/Scalability.ini]
[2019.10.29-22.04.47:377][  0]LogConfig: Setting CVar [[foliage.DensityScale:1.0]]
[2019.10.29-22.04.47:378][  0]LogConfig: Setting CVar [[grass.DensityScale:1.0]]
[2019.10.29-22.04.47:378][  0]LogInit: Selected Device Profile: [Windows]
[2019.10.29-22.04.47:378][  0]LogInit: Applying CVar settings loaded from the selected device profile: [Windows]
[2019.10.29-22.04.47:405][  0]LogHAL: Display: Platform has ~ 16 GB [17014935552 / 17179869184 / 16], which maps to Larger [LargestMinGB=32, LargerMinGB=12, DefaultMinGB=8, SmallerMinGB=6, SmallestMinGB=0)
[2019.10.29-22.04.47:406][  0]LogConfig: Setting CVar [[r.Vulkan.UseRealUBs:0		; Required until we fix HLR fall-out]]
[2019.10.29-22.04.47:406][  0]LogInit: Going up to parent DeviceProfile []
[2019.10.29-22.04.47:406][  0]LogConfig: Applying CVar settings from Section [ViewDistanceQuality@3] File [C:/Users/randg/OneDrive/Documents/school/game/halloween/Rand_halloween/Saved/Config/Windows/Scalability.ini]
[2019.10.29-22.04.47:406][  0]LogConfig: Setting CVar [[r.SkeletalMeshLODBias:0]]
[2019.10.29-22.04.47:406][  0]LogConfig: Setting CVar [[r.ViewDistanceScale:1.0]]
[2019.10.29-22.04.47:406][  0]LogConfig: Applying CVar settings from Section [AntiAliasingQuality@3] File [C:/Users/randg/OneDrive/Documents/school/game/halloween/Rand_halloween/Saved/Config/Windows/Scalability.ini]
[2019.10.29-22.04.47:406][  0]LogConfig: Setting CVar [[r.PostProcessAAQuality:4]]
[2019.10.29-22.04.47:406][  0]LogConfig: Applying CVar settings from Section [ShadowQuality@3] File [C:/Users/randg/OneDrive/Documents/school/game/halloween/Rand_halloween/Saved/Config/Windows/Scalability.ini]
[2019.10.29-22.04.47:406][  0]LogConfig: Setting CVar [[r.LightFunctionQuality:1]]
[2019.10.29-22.04.47:406][  0]LogConfig: Setting CVar [[r.ShadowQuality:5]]
[2019.10.29-22.04.47:406][  0]LogConfig: Setting CVar [[r.Shadow.CSM.MaxCascades:10]]
[2019.10.29-22.04.47:406][  0]LogConfig: Setting CVar [[r.Shadow.MaxResolution:2048]]
[2019.10.29-22.04.47:406][  0]LogConfig: Setting CVar [[r.Shadow.MaxCSMResolution:2048]]
[2019.10.29-22.04.47:406][  0]LogConfig: Setting CVar [[r.Shadow.RadiusThreshold:0.01]]
[2019.10.29-22.04.47:406][  0]LogConfig: Setting CVar [[r.Shadow.DistanceScale:1.0]]
[2019.10.29-22.04.47:406][  0]LogConfig: Setting CVar [[r.Shadow.CSM.TransitionScale:1.0]]
[2019.10.29-22.04.47:406][  0]LogConfig: Setting CVar [[r.Shadow.PreShadowResolutionFactor:1.0]]
[2019.10.29-22.04.47:406][  0]LogConfig: Setting CVar [[r.DistanceFieldShadowing:1]]
[2019.10.29-22.04.47:406][  0]LogConfig: Setting CVar [[r.DistanceFieldAO:1]]
[2019.10.29-22.04.47:406][  0]LogConfig: Setting CVar [[r.AOQuality:2]]
[2019.10.29-22.04.47:406][  0]LogConfig: Setting CVar [[r.VolumetricFog:1]]
[2019.10.29-22.04.47:406][  0]LogConfig: Setting CVar [[r.VolumetricFog.GridPixelSize:8]]
[2019.10.29-22.04.47:407][  0]LogConfig: Setting CVar [[r.VolumetricFog.GridSizeZ:128]]
[2019.10.29-22.04.47:407][  0]LogConfig: Setting CVar [[r.VolumetricFog.HistoryMissSupersampleCount:4]]
[2019.10.29-22.04.47:407][  0]LogConfig: Setting CVar [[r.LightMaxDrawDistanceScale:1]]
[2019.10.29-22.04.47:407][  0]LogConfig: Setting CVar [[r.CapsuleShadows:1]]
[2019.10.29-22.04.47:407][  0]LogConfig: Applying CVar settings from Section [PostProcessQuality@3] File [C:/Users/randg/OneDrive/Documents/school/game/halloween/Rand_halloween/Saved/Config/Windows/Scalability.ini]
[2019.10.29-22.04.47:407][  0]LogConfig: Setting CVar [[r.MotionBlurQuality:4]]
[2019.10.29-22.04.47:407][  0]LogConfig: Setting CVar [[r.AmbientOcclusionMipLevelFactor:0.4]]
[2019.10.29-22.04.47:407][  0]LogConfig: Setting CVar [[r.AmbientOcclusionMaxQuality:100]]
[2019.10.29-22.04.47:407][  0]LogConfig: Setting CVar [[r.AmbientOcclusionLevels:-1]]
[2019.10.29-22.04.47:407][  0]LogConfig: Setting CVar [[r.AmbientOcclusionRadiusScale:1.0]]
[2019.10.29-22.04.47:407][  0]LogConfig: Setting CVar [[r.DepthOfFieldQuality:2]]
[2019.10.29-22.04.47:407][  0]LogConfig: Setting CVar [[r.RenderTargetPoolMin:400]]
[2019.10.29-22.04.47:407][  0]LogConfig: Setting CVar [[r.LensFlareQuality:2]]
[2019.10.29-22.04.47:407][  0]LogConfig: Setting CVar [[r.SceneColorFringeQuality:1]]
[2019.10.29-22.04.47:407][  0]LogConfig: Setting CVar [[r.EyeAdaptationQuality:2]]
[2019.10.29-22.04.47:407][  0]LogConfig: Setting CVar [[r.BloomQuality:5]]
[2019.10.29-22.04.47:407][  0]LogConfig: Setting CVar [[r.FastBlurThreshold:100]]
[2019.10.29-22.04.47:407][  0]LogConfig: Setting CVar [[r.Upscale.Quality:3]]
[2019.10.29-22.04.47:407][  0]LogConfig: Setting CVar [[r.Tonemapper.GrainQuantization:1]]
[2019.10.29-22.04.47:407][  0]LogConfig: Setting CVar [[r.LightShaftQuality:1]]
[2019.10.29-22.04.47:407][  0]LogConfig: Setting CVar [[r.Filter.SizeScale:1]]
[2019.10.29-22.04.47:407][  0]LogConfig: Setting CVar [[r.Tonemapper.Quality:5]]
[2019.10.29-22.04.47:407][  0]LogConfig: Setting CVar [[r.DOF.Gather.AccumulatorQuality:1        ; higher gathering accumulator quality]]
[2019.10.29-22.04.47:407][  0]LogConfig: Setting CVar [[r.DOF.Gather.PostfilterMethod:1          ; Median3x3 postfilering method]]
[2019.10.29-22.04.47:407][  0]LogConfig: Setting CVar [[r.DOF.Gather.EnableBokehSettings:0       ; no bokeh simulation when gathering]]
[2019.10.29-22.04.47:407][  0]LogConfig: Setting CVar [[r.DOF.Gather.RingCount:4                 ; medium number of samples when gathering]]
[2019.10.29-22.04.47:408][  0]LogConfig: Setting CVar [[r.DOF.Scatter.ForegroundCompositing:1    ; additive foreground scattering]]
[2019.10.29-22.04.47:408][  0]LogConfig: Setting CVar [[r.DOF.Scatter.BackgroundCompositing:2    ; additive background scattering]]
[2019.10.29-22.04.47:408][  0]LogConfig: Setting CVar [[r.DOF.Scatter.EnableBokehSettings:1      ; bokeh simulation when scattering]]
[2019.10.29-22.04.47:408][  0]LogConfig: Setting CVar [[r.DOF.Scatter.MaxSpriteRatio:0.1         ; only a maximum of 10% of scattered bokeh]]
[2019.10.29-22.04.47:408][  0]LogConfig: Setting CVar [[r.DOF.Recombine.Quality:1                ; cheap slight out of focus]]
[2019.10.29-22.04.47:408][  0]LogConfig: Setting CVar [[r.DOF.Recombine.EnableBokehSettings:0    ; no bokeh simulation on slight out of focus]]
[2019.10.29-22.04.47:408][  0]LogConfig: Setting CVar [[r.DOF.TemporalAAQuality:1                ; more stable temporal accumulation]]
[2019.10.29-22.04.47:408][  0]LogConfig: Setting CVar [[r.DOF.Kernel.MaxForegroundRadius:0.025]]
[2019.10.29-22.04.47:408][  0]LogConfig: Setting CVar [[r.DOF.Kernel.MaxBackgroundRadius:0.025]]
[2019.10.29-22.04.47:408][  0]LogConfig: Applying CVar settings from Section [TextureQuality@3] File [C:/Users/randg/OneDrive/Documents/school/game/halloween/Rand_halloween/Saved/Config/Windows/Scalability.ini]
[2019.10.29-22.04.47:408][  0]LogConfig: Setting CVar [[r.Streaming.MipBias:0]]
[2019.10.29-22.04.47:408][  0]LogConfig: Setting CVar [[r.Streaming.AmortizeCPUToGPUCopy:0]]
[2019.10.29-22.04.47:408][  0]LogConfig: Setting CVar [[r.Streaming.MaxNumTexturesToStreamPerFrame:0]]
[2019.10.29-22.04.47:408][  0]LogConfig: Setting CVar [[r.Streaming.Boost:1]]
[2019.10.29-22.04.47:408][  0]LogConfig: Setting CVar [[r.MaxAnisotropy:8]]
[2019.10.29-22.04.47:408][  0]LogConfig: Setting CVar [[r.Streaming.LimitPoolSizeToVRAM:0]]
[2019.10.29-22.04.47:408][  0]LogConfig: Setting CVar [[r.Streaming.PoolSize:1000]]
[2019.10.29-22.04.47:408][  0]LogConfig: Setting CVar [[r.Streaming.MaxEffectiveScreenSize:0]]
[2019.10.29-22.04.47:408][  0]LogConfig: Applying CVar settings from Section [EffectsQuality@3] File [C:/Users/randg/OneDrive/Documents/school/game/halloween/Rand_halloween/Saved/Config/Windows/Scalability.ini]
[2019.10.29-22.04.47:408][  0]LogConfig: Setting CVar [[r.TranslucencyLightingVolumeDim:64]]
[2019.10.29-22.04.47:408][  0]LogConfig: Setting CVar [[r.RefractionQuality:2]]
[2019.10.29-22.04.47:408][  0]LogConfig: Setting CVar [[r.SSR.Quality:3]]
[2019.10.29-22.04.47:408][  0]LogConfig: Setting CVar [[r.SceneColorFormat:4]]
[2019.10.29-22.04.47:408][  0]LogConfig: Setting CVar [[r.DetailMode:2]]
[2019.10.29-22.04.47:408][  0]LogConfig: Setting CVar [[r.TranslucencyVolumeBlur:1]]
[2019.10.29-22.04.47:408][  0]LogConfig: Setting CVar [[r.MaterialQualityLevel:1 ; High quality]]
[2019.10.29-22.04.47:409][  0]LogConfig: Setting CVar [[r.SSS.Scale:1]]
[2019.10.29-22.04.47:409][  0]LogConfig: Setting CVar [[r.SSS.SampleSet:2]]
[2019.10.29-22.04.47:409][  0]LogConfig: Setting CVar [[r.SSS.Quality:1]]
[2019.10.29-22.04.47:409][  0]LogConfig: Setting CVar [[r.SSS.HalfRes:1]]
[2019.10.29-22.04.47:409][  0]LogConfig: Setting CVar [[r.EmitterSpawnRateScale:1.0]]
[2019.10.29-22.04.47:409][  0]LogConfig: Setting CVar [[r.ParticleLightQuality:2]]
[2019.10.29-22.04.47:409][  0]LogConfig: Applying CVar settings from Section [FoliageQuality@3] File [C:/Users/randg/OneDrive/Documents/school/game/halloween/Rand_halloween/Saved/Config/Windows/Scalability.ini]
[2019.10.29-22.04.47:410][  0]LogConfig: Setting CVar [[foliage.DensityScale:1.0]]
[2019.10.29-22.04.47:410][  0]LogConfig: Setting CVar [[grass.DensityScale:1.0]]
[2019.10.29-22.04.47:410][  0]LogConfig: Applying CVar settings from Section [Startup] File [../../../Engine/Config/ConsoleVariables.ini]
[2019.10.29-22.04.47:410][  0]LogConfig: Setting CVar [[net.UseAdaptiveNetUpdateFrequency:0]]
[2019.10.29-22.04.47:410][  0]LogConfig: Setting CVar [[p.chaos.AllowCreatePhysxBodies:1]]
[2019.10.29-22.04.47:410][  0]LogConfig: Applying CVar settings from Section [ConsoleVariables] File [C:/Users/randg/OneDrive/Documents/school/game/halloween/Rand_halloween/Saved/Config/Windows/Engine.ini]
[2019.10.29-22.04.47:410][  0]LogInit: Computer: DESKTOP-LPUM972
[2019.10.29-22.04.47:410][  0]LogInit: User: randg
[2019.10.29-22.04.47:410][  0]LogInit: CPU Page size=4096, Cores=4
[2019.10.29-22.04.47:410][  0]LogInit: High frequency timer resolution =10.000000 MHz
[2019.10.29-22.04.47:410][  0]LogMemory: Memory total: Physical=15.8GB (16GB approx)
[2019.10.29-22.04.47:410][  0]LogMemory: Platform Memory Stats for Windows
[2019.10.29-22.04.47:410][  0]LogMemory: Process Physical Memory: 96.10 MB used, 96.11 MB peak
[2019.10.29-22.04.47:411][  0]LogMemory: Process Virtual Memory: 90.50 MB used, 90.50 MB peak
[2019.10.29-22.04.47:411][  0]LogMemory: Physical Memory: 12658.51 MB used,  3568.20 MB free, 16226.71 MB total
[2019.10.29-22.04.47:411][  0]LogMemory: Virtual Memory: 4657.96 MB used,  134213072.00 MB free, 134217728.00 MB total
[2019.10.29-22.04.47:445][  0]LogInit: Using OS detected language (en-US).
[2019.10.29-22.04.47:445][  0]LogInit: Using OS detected locale (en-US).
[2019.10.29-22.04.47:447][  0]LogTextLocalizationManager: No specific localization for 'en-US' exists, so the 'en' localization will be used.
[2019.10.29-22.04.47:795][  0]LogInit: Setting process to per monitor DPI aware
[2019.10.29-22.04.47:837][  0]LogSlate: New Slate User Created.  User Index 0, Is Virtual User: 0
[2019.10.29-22.04.47:837][  0]LogSlate: Slate User Registered.  User Index 0, Is Virtual User: 0
[2019.10.29-22.04.48:222][  0]LogHMD: Failed to initialize OpenVR with code 110
[2019.10.29-22.04.48:222][  0]LogD3D11RHI: D3D11 adapters:
[2019.10.29-22.04.48:298][  0]LogD3D11RHI:    0. 'Intel(R) UHD Graphics 620' (Feature Level 11_0)
[2019.10.29-22.04.48:298][  0]LogD3D11RHI:       128/0/8113 MB DedicatedVideo/DedicatedSystem/SharedSystem, Outputs:1, VendorId:0x8086
[2019.10.29-22.04.48:302][  0]LogD3D11RHI:    1. 'Microsoft Basic Render Driver' (Feature Level 11_0)
[2019.10.29-22.04.48:302][  0]LogD3D11RHI:       0/0/8113 MB DedicatedVideo/DedicatedSystem/SharedSystem, Outputs:0, VendorId:0x1414
[2019.10.29-22.04.48:302][  0]LogD3D11RHI: Chosen D3D11 Adapter: 0
[2019.10.29-22.04.48:317][  0]LogD3D11RHI: Creating new Direct3DDevice
[2019.10.29-22.04.48:317][  0]LogD3D11RHI:     GPU DeviceId: 0x5917 (for the marketing name, search the web for "GPU Device Id")
[2019.10.29-22.04.48:317][  0]LogWindows: EnumDisplayDevices:
[2019.10.29-22.04.48:318][  0]LogWindows:    0. 'Intel(R) UHD Graphics 620' (P:1 D:1)
[2019.10.29-22.04.48:318][  0]LogWindows:    1. 'Intel(R) UHD Graphics 620' (P:0 D:0)
[2019.10.29-22.04.48:319][  0]LogWindows:    2. 'Intel(R) UHD Graphics 620' (P:0 D:0)
[2019.10.29-22.04.48:319][  0]LogWindows: DebugString: FoundDriverCount:3 
[2019.10.29-22.04.48:319][  0]LogD3D11RHI:     Adapter Name: Intel(R) UHD Graphics 620
[2019.10.29-22.04.48:319][  0]LogD3D11RHI:   Driver Version: 24.20.100.6346 (internal:24.20.100.6346, unified:24.20.100.6346)
[2019.10.29-22.04.48:319][  0]LogD3D11RHI:      Driver Date: 9-14-2018
[2019.10.29-22.04.48:319][  0]LogRHI: Texture pool is 1523 MB (70% of 2176 MB)
[2019.10.29-22.04.48:387][  0]LogD3D11RHI: Async texture creation enabled
[2019.10.29-22.04.48:402][  0]LogRendererCore: FGlobalReadBuffer::InitRHI
[2019.10.29-22.04.48:403][  0]LogRendererCore: FGlobalReadBuffer::InitRHI
[2019.10.29-22.04.48:403][  0]LogRendererCore: FGlobalReadBuffer::InitRHI
[2019.10.29-22.04.48:406][  0]LogD3D11RHI: GPU Timing Frequency: 12.000048 (Debug: 2 0)
[2019.10.29-22.04.53:076][  0]LogTemp: Display: Module 'AllDesktopTargetPlatform' loaded TargetPlatform 'AllDesktop'
[2019.10.29-22.04.53:109][  0]LogTemp: Display: Module 'MacClientTargetPlatform' loaded TargetPlatform 'MacClient'
[2019.10.29-22.04.53:145][  0]LogTemp: Display: Module 'MacNoEditorTargetPlatform' loaded TargetPlatform 'MacNoEditor'
[2019.10.29-22.04.53:186][  0]LogTemp: Display: Module 'MacServerTargetPlatform' loaded TargetPlatform 'MacServer'
[2019.10.29-22.04.53:220][  0]LogTemp: Display: Module 'MacTargetPlatform' loaded TargetPlatform 'Mac'
[2019.10.29-22.04.53:252][  0]LogTemp: Display: Module 'WindowsClientTargetPlatform' loaded TargetPlatform 'WindowsClient'
[2019.10.29-22.04.53:281][  0]LogTemp: Display: Module 'WindowsNoEditorTargetPlatform' loaded TargetPlatform 'WindowsNoEditor'
[2019.10.29-22.04.53:309][  0]LogTemp: Display: Module 'WindowsServerTargetPlatform' loaded TargetPlatform 'WindowsServer'
[2019.10.29-22.04.53:324][  0]LogTemp: Display: Module 'WindowsTargetPlatform' loaded TargetPlatform 'Windows'
[2019.10.29-22.04.53:534][  0]LogTemp: Display: Module 'AndroidTargetPlatform' loaded TargetPlatform 'Android'
[2019.10.29-22.04.53:534][  0]LogTemp: Display: Module 'AndroidTargetPlatform' loaded TargetPlatform 'Android_ASTC'
[2019.10.29-22.04.53:534][  0]LogTemp: Display: Module 'AndroidTargetPlatform' loaded TargetPlatform 'Android_ATC'
[2019.10.29-22.04.53:534][  0]LogTemp: Display: Module 'AndroidTargetPlatform' loaded TargetPlatform 'Android_DXT'
[2019.10.29-22.04.53:535][  0]LogTemp: Display: Module 'AndroidTargetPlatform' loaded TargetPlatform 'Android_ETC1'
[2019.10.29-22.04.53:535][  0]LogTemp: Display: Module 'AndroidTargetPlatform' loaded TargetPlatform 'Android_ETC1a'
[2019.10.29-22.04.53:535][  0]LogTemp: Display: Module 'AndroidTargetPlatform' loaded TargetPlatform 'Android_ETC2'
[2019.10.29-22.04.53:535][  0]LogTemp: Display: Module 'AndroidTargetPlatform' loaded TargetPlatform 'Android_PVRTC'
[2019.10.29-22.04.53:535][  0]LogTemp: Display: Module 'AndroidTargetPlatform' loaded TargetPlatform 'AndroidClient'
[2019.10.29-22.04.53:535][  0]LogTemp: Display: Module 'AndroidTargetPlatform' loaded TargetPlatform 'Android_ASTCClient'
[2019.10.29-22.04.53:535][  0]LogTemp: Display: Module 'AndroidTargetPlatform' loaded TargetPlatform 'Android_ATCClient'
[2019.10.29-22.04.53:535][  0]LogTemp: Display: Module 'AndroidTargetPlatform' loaded TargetPlatform 'Android_DXTClient'
[2019.10.29-22.04.53:535][  0]LogTemp: Display: Module 'AndroidTargetPlatform' loaded TargetPlatform 'Android_ETC1Client'
[2019.10.29-22.04.53:535][  0]LogTemp: Display: Module 'AndroidTargetPlatform' loaded TargetPlatform 'Android_ETC1aClient'
[2019.10.29-22.04.53:535][  0]LogTemp: Display: Module 'AndroidTargetPlatform' loaded TargetPlatform 'Android_ETC2Client'
[2019.10.29-22.04.53:535][  0]LogTemp: Display: Module 'AndroidTargetPlatform' loaded TargetPlatform 'Android_PVRTCClient'
[2019.10.29-22.04.53:535][  0]LogTemp: Display: Module 'AndroidTargetPlatform' loaded TargetPlatform 'Android_Multi'
[2019.10.29-22.04.53:535][  0]LogTemp: Display: Module 'AndroidTargetPlatform' loaded TargetPlatform 'Android_MultiClient'
[2019.10.29-22.04.53:539][  0]LogTemp: Display: Module 'HTML5TargetPlatform' loaded TargetPlatform 'HTML5'
[2019.10.29-22.04.53:666][  0]LogTemp: Display: Module 'IOSTargetPlatform' loaded TargetPlatform 'IOSClient'
[2019.10.29-22.04.53:666][  0]LogTemp: Display: Module 'IOSTargetPlatform' loaded TargetPlatform 'IOS'
[2019.10.29-22.04.53:734][  0]LogTemp: Display: Module 'TVOSTargetPlatform' loaded TargetPlatform 'TVOSClient'
[2019.10.29-22.04.53:735][  0]LogTemp: Display: Module 'TVOSTargetPlatform' loaded TargetPlatform 'TVOS'
[2019.10.29-22.04.53:763][  0]LogTemp: Display: Module 'LinuxClientTargetPlatform' loaded TargetPlatform 'LinuxClient'
[2019.10.29-22.04.53:790][  0]LogTemp: Display: Module 'LinuxNoEditorTargetPlatform' loaded TargetPlatform 'LinuxNoEditor'
[2019.10.29-22.04.53:822][  0]LogTemp: Display: Module 'LinuxServerTargetPlatform' loaded TargetPlatform 'LinuxServer'
[2019.10.29-22.04.53:860][  0]LogTemp: Display: Module 'LinuxTargetPlatform' loaded TargetPlatform 'Linux'
[2019.10.29-22.04.53:982][  0]LogTemp: Display: Module 'LuminTargetPlatform' loaded TargetPlatform 'Lumin'
[2019.10.29-22.04.53:982][  0]LogTemp: Display: Module 'LuminTargetPlatform' loaded TargetPlatform 'LuminClient'
[2019.10.29-22.04.53:982][  0]LogTargetPlatformManager: Display: Building Assets For Windows
[2019.10.29-22.04.54:009][  0]LogAudioDebug: Display: Lib vorbis DLL was dynamically loaded.
[2019.10.29-22.04.54:142][  0]LogShaderCompilers: Guid format shader working directory is -40 characters bigger than the processId version (../../../../../../Users/randg/OneDrive/Documents/school/game/halloween/Rand_halloween/Intermediate/Shaders/WorkingDirectory/26948/).
[2019.10.29-22.04.54:142][  0]LogShaderCompilers: Cleaned the shader compiler working directory 'C:/Users/randg/AppData/Local/Temp/UnrealShaderWorkingDir/2A2853614E84068FAFAACDB75352FFC0/'.
[2019.10.29-22.04.54:148][  0]LogXGEController: Cannot use XGE Controller as Incredibuild is not installed on this machine.
[2019.10.29-22.04.54:148][  0]LogShaderCompilers: Cannot use XGE Shader Compiler as Incredibuild is not installed on this machine.
[2019.10.29-22.04.54:148][  0]LogShaderCompilers: Display: Using Local Shader Compiler.
[2019.10.29-22.04.55:519][  0]LogDerivedDataCache: Display: Max Cache Size: 512 MB
[2019.10.29-22.04.55:610][  0]LogDerivedDataCache: Loaded boot cache 0.09s 71MB C:/Users/randg/AppData/Local/UnrealEngine/4.22/DerivedDataCache/Boot.ddc.
[2019.10.29-22.04.55:610][  0]LogDerivedDataCache: Display: Loaded Boot cache: C:/Users/randg/AppData/Local/UnrealEngine/4.22/DerivedDataCache/Boot.ddc
[2019.10.29-22.04.55:611][  0]LogDerivedDataCache: FDerivedDataBackendGraph:  Pak pak cache file ../../../../../../Users/randg/OneDrive/Documents/school/game/halloween/Rand_halloween/DerivedDataCache/DDC.ddp not found, will not use a pak cache.
[2019.10.29-22.04.55:611][  0]LogDerivedDataCache: Unable to find inner node Pak for hierarchical cache Hierarchy.
[2019.10.29-22.04.55:611][  0]LogDerivedDataCache: FDerivedDataBackendGraph:  CompressedPak pak cache file ../../../../../../Users/randg/OneDrive/Documents/school/game/halloween/Rand_halloween/DerivedDataCache/Compressed.ddp not found, will not use a pak cache.
[2019.10.29-22.04.55:611][  0]LogDerivedDataCache: Unable to find inner node CompressedPak for hierarchical cache Hierarchy.
[2019.10.29-22.04.55:635][  0]LogDerivedDataCache: Display: Pak cache opened for reading ../../../Engine/DerivedDataCache/Compressed.ddp.
[2019.10.29-22.04.55:636][  0]LogDerivedDataCache: FDerivedDataBackendGraph:  EnterprisePak pak cache file ../../../Enterprise/DerivedDataCache/Compressed.ddp not found, will not use a pak cache.
[2019.10.29-22.04.55:636][  0]LogDerivedDataCache: Unable to find inner node EnterprisePak for hierarchical cache Hierarchy.
[2019.10.29-22.04.55:650][  0]LogDerivedDataCache: Using Local data cache path C:/Users/randg/AppData/Local/UnrealEngine/Common/DerivedDataCache: Writable
[2019.10.29-22.04.55:650][  0]LogDerivedDataCache: Shared data cache path not found in *engine.ini, will not use an Shared cache.
[2019.10.29-22.04.55:650][  0]LogDerivedDataCache: Unable to find inner node Shared for hierarchical cache Hierarchy.
[2019.10.29-22.04.55:718][  0]LogMaterial: Verifying Global Shaders for PCD3D_SM5
[2019.10.29-22.04.55:721][  0]LogSlate: Using FreeType 2.6.0
[2019.10.29-22.04.55:722][  0]LogSlate: SlateFontServices - WITH_FREETYPE: 1, WITH_HARFBUZZ: 1
[2019.10.29-22.04.55:936][  0]LogAssetRegistry: FAssetRegistry took 0.0597 seconds to start up
[2019.10.29-22.04.56:907][  0]LogInit: Selected Device Profile: [Windows]
[2019.10.29-22.04.57:350][  0]LogMeshReduction: Using QuadricMeshReduction for automatic static mesh reduction
[2019.10.29-22.04.57:350][  0]LogMeshReduction: Using SimplygonMeshReduction for automatic skeletal mesh reduction
[2019.10.29-22.04.57:350][  0]LogMeshReduction: Using ProxyLODMeshReduction for automatic mesh merging
[2019.10.29-22.04.57:350][  0]LogMeshReduction: No distributed automatic mesh merging module available
[2019.10.29-22.04.57:351][  0]LogMeshMerging: No distributed automatic mesh merging module available
[2019.10.29-22.04.57:376][  0]LogNetVersion: Rand_halloween 1.0.0, NetCL: 5660361, EngineNetVer: 10, GameNetVer: 0 (Checksum: 3059084179)
[2019.10.29-22.04.58:946][  0]LogPackageLocalizationCache: Processed 10 localized package path(s) for 1 prioritized culture(s) in 0.111601 seconds
[2019.10.29-22.04.58:963][  0]LogUObjectArray: 42205 objects as part of root set at end of initial load.
[2019.10.29-22.04.58:963][  0]LogUObjectAllocator: 7325032 out of 0 bytes used by permanent object pool.
[2019.10.29-22.04.58:963][  0]LogUObjectArray: CloseDisregardForGC: 0/0 objects in disregard for GC pool
[2019.10.29-22.05.01:224][  0]LogTcpMessaging: Initializing TcpMessaging bridge
[2019.10.29-22.05.01:244][  0]LogUdpMessaging: Initializing bridge on interface 0.0.0.0:0 to multicast group 230.0.0.1:6666.
[2019.10.29-22.05.01:479][  0]SourceControl: Source control is disabled
[2019.10.29-22.05.01:479][  0]SourceControl: Source control is disabled
[2019.10.29-22.05.01:483][  0]SourceControl: Source control is disabled
[2019.10.29-22.05.01:486][  0]SourceControl: Source control is disabled
[2019.10.29-22.05.01:723][  0]LogAndroidPermission: UAndroidPermissionCallbackProxy::GetInstance
[2019.10.29-22.05.01:932][  0]LogOcInput: OculusInput pre-init called
[2019.10.29-22.05.03:915][  0]LogEngine: Initializing Engine...
[2019.10.29-22.05.03:920][  0]LogHMD: Failed to initialize OpenVR with code 110
[2019.10.29-22.05.03:924][  0]LogStats: UGameplayTagsManager::InitializeManager -  0.001 s
[2019.10.29-22.05.05:298][  0]LogInit: Initializing FReadOnlyCVARCache
[2019.10.29-22.05.05:346][  0]LogAIModule: Creating AISystem for world Untitled
[2019.10.29-22.05.05:694][  0]LogInit: XAudio2 using 'Speakers (Realtek(R) Audio)' : 2 channels at 48 kHz using 32 bits per sample (channel mask 0x3)
[2019.10.29-22.05.05:791][  0]LogInit: FAudioDevice initialized.
[2019.10.29-22.05.05:792][  0]LogNetVersion: Set ProjectVersion to 1.0.0.0. Version Checksum will be recalculated on next use.
[2019.10.29-22.05.06:001][  0]LogDerivedDataCache: Saved boot cache 0.21s 71MB C:/Users/randg/AppData/Local/UnrealEngine/4.22/DerivedDataCache/Boot.ddc.
[2019.10.29-22.05.06:049][  0]LogInit: Texture streaming: Enabled
[2019.10.29-22.05.06:147][  0]LogEngineSessionManager: EngineSessionManager initialized
[2019.10.29-22.05.06:262][  0]LogInit: Transaction tracking system initialized
[2019.10.29-22.05.06:408][  0]BlueprintLog: New page: Editor Load
[2019.10.29-22.05.06:908][  0]LocalizationService: Localization service is disabled
[2019.10.29-22.05.08:504][  0]LogFileCache: Scanning file cache for directory 'C:/Users/randg/OneDrive/Documents/school/game/halloween/Rand_halloween/Content/' took 0.08s
[2019.10.29-22.05.08:504][  0]LogCook: Display: Max memory allowance for cook 16384mb min free memory 0mb
[2019.10.29-22.05.08:505][  0]LogCook: Display: Mobile HDR setting 1
[2019.10.29-22.05.09:119][  0]SourceControl: Source control is disabled
[2019.10.29-22.05.09:120][  0]Cmd: MAP LOAD FILE="../../../../../../Users/randg/OneDrive/Documents/school/game/halloween/Rand_halloween/Content/Rand_halloween/Rand_tower.umap" TEMPLATE=0 SHOWPROGRESS=1 FEATURELEVEL=3
[2019.10.29-22.05.09:121][  0]LightingResults: New page: Lighting Build
[2019.10.29-22.05.09:128][  0]MapCheck: New page: Map Check
[2019.10.29-22.05.09:128][  0]LightingResults: New page: Lighting Build
[2019.10.29-22.05.09:198][  0]LogUObjectHash: Compacting FUObjectHashTables data took   6.25ms
[2019.10.29-22.05.10:193][  0]LogLinker: Warning: Can't find file '/Game/Rand_halloween/Rand_tower_BuiltData'
[2019.10.29-22.05.10:194][  0]LogLinker: Warning: Can't find file for asset '/Game/Rand_halloween/Rand_tower_BuiltData' while loading NULL.
[2019.10.29-22.05.10:761][  0]LogLinker: Warning: Can't find file '/Game/Rand_halloween/Rand_tower_BuiltData'
[2019.10.29-22.05.10:762][  0]LogLinker: Warning: Can't find file for asset '/Game/Rand_halloween/Rand_tower_BuiltData' while loading NULL.
[2019.10.29-22.05.10:854][  0]LogLinker: Warning: Can't find file '/Game/Rand_halloween/Rand_tower_BuiltData'
[2019.10.29-22.05.10:854][  0]LogLinker: Warning: Can't find file for asset '/Game/Rand_halloween/Rand_tower_BuiltData' while loading NULL.
[2019.10.29-22.05.10:855][  0]LogLinker: Warning: Can't find file '/Game/Rand_halloween/Rand_tower_BuiltData'
[2019.10.29-22.05.10:855][  0]LogLinker: Warning: Can't find file for asset '/Game/Rand_halloween/Rand_tower_BuiltData' while loading NULL.
[2019.10.29-22.05.11:231][  0]LogLinker: Warning: Can't find file '/Game/Rand_halloween/Rand_tower_BuiltData'
[2019.10.29-22.05.11:231][  0]LoadErrors: Failed to load /Game/Rand_halloween/Rand_tower_BuiltData.Rand_tower_BuiltData Referenced by PersistentLevel
[2019.10.29-22.05.11:232][  0]LogLinker: Warning: Can't find file for asset '/Game/Rand_halloween/Rand_tower_BuiltData' while loading NULL.
[2019.10.29-22.05.11:808][  0]LogMaterial: Display: Missing cached shader map for material M_Imposters, compiling. 
[2019.10.29-22.05.12:445][  0]LogMaterial: Display: Missing cached shader map for material M_Imposters, compiling. 
[2019.10.29-22.05.12:759][  0]LogMaterial: Display: Missing cached shader map for material M_Terrain_Shader, compiling. 
[2019.10.29-22.05.13:228][  0]LogMaterial: Display: Missing cached shader map for material M_Terrain_Shader, compiling. 
[2019.10.29-22.05.13:376][  0]LogMaterial: Display: Missing cached shader map for material M_Terrain_Shader, compiling. 
[2019.10.29-22.05.13:710][  0]LogMaterial: Display: Missing cached shader map for material M_Terrain_Shader, compiling. 
[2019.10.29-22.05.13:897][  0]LogMaterial: Display: Missing cached shader map for material M_Terrain_Shader, compiling. 
[2019.10.29-22.05.14:208][  0]LogMaterial: Display: Missing cached shader map for material M_Terrain_Shader, compiling. 
[2019.10.29-22.05.14:405][  0]LogMaterial: Display: Missing cached shader map for material M_Terrain_Shader, compiling. 
[2019.10.29-22.05.14:742][  0]LogMaterial: Display: Missing cached shader map for material M_Terrain_Shader, compiling. 
[2019.10.29-22.05.14:951][  0]LogMaterial: Display: Missing cached shader map for material M_Terrain_Shader, compiling. 
[2019.10.29-22.05.15:235][  0]LogMaterial: Display: Missing cached shader map for material M_Terrain_Shader, compiling. 
[2019.10.29-22.05.15:452][  0]LogMaterial: Display: Missing cached shader map for material M_Terrain_Shader, compiling. 
[2019.10.29-22.05.15:919][  0]LogMaterial: Display: Missing cached shader map for material M_Terrain_Shader, compiling. 
[2019.10.29-22.05.16:072][  0]LogMaterial: Display: Missing cached shader map for material M_GoodSky_Moon, compiling. 
[2019.10.29-22.05.16:279][  0]LogMaterial: Display: Missing cached shader map for material M_GoodSky_Base, compiling. 
[2019.10.29-22.05.16:310][  0]LogMaterial: Display: Missing cached shader map for material M_GoodSky_Sun_Emissive, compiling. 
[2019.10.29-22.05.16:368][  0]LogMaterial: Display: Missing cached shader map for material M_GoodSky_SkyRing_, compiling. 
[2019.10.29-22.05.16:448][  0]LogMaterial: Display: Missing cached shader map for material M_GoodSky_Storm, compiling. 
[2019.10.29-22.05.16:473][  0]LoadErrors: Warning: Linear color curves now accurately handle RGB values > 1. If you were relying on HSV clamping, please update Curve_GoodSky_horizon_Color
[2019.10.29-22.05.16:473][  0]LoadErrors: Warning: Linear color curves now accurately handle RGB values > 1. If you were relying on HSV clamping, please update Curve_GoodSky_DomeColor
[2019.10.29-22.05.16:473][  0]LoadErrors: Warning: Linear color curves now accurately handle RGB values > 1. If you were relying on HSV clamping, please update Curve_GoodSky_BaseCloudColor
[2019.10.29-22.05.16:473][  0]LoadErrors: Warning: Linear color curves now accurately handle RGB values > 1. If you were relying on HSV clamping, please update Curve_GoodSky_AllOverlayColor
[2019.10.29-22.05.16:505][  0]LogMaterial: Display: Missing cached shader map for material M_Rocks, compiling. 
[2019.10.29-22.05.16:638][  0]LogMaterial: Display: Missing cached shader map for material M_rock_01, compiling. 
[2019.10.29-22.05.16:735][  0]LogMaterial: Display: Missing cached shader map for material M_UV_Free_Cover, compiling. 
[2019.10.29-22.05.16:865][  0]LogMaterial: Display: Missing cached shader map for material M_Props1, compiling. 
[2019.10.29-22.05.16:936][  0]LogMaterial: Display: Missing cached shader map for material M_Tile_Floor_Broken_Tex_A, compiling. 
[2019.10.29-22.05.17:013][  0]LogMaterial: Display: Missing cached shader map for material M_leaves, compiling. 
[2019.10.29-22.05.17:193][  0]LogMaterial: Display: Missing cached shader map for material M_Bark, compiling. 
[2019.10.29-22.05.17:396][  0]LogMaterial: Display: Missing cached shader map for material M_GoodSky_Sun_Stars, compiling. 
[2019.10.29-22.05.17:455][  0]LogAIModule: Creating AISystem for world Rand_tower
[2019.10.29-22.05.17:546][  0]LogEditorServer: Finished looking for orphan Actors (0.000 secs)
[2019.10.29-22.05.28:915][  0]LogUObjectHash: Compacting FUObjectHashTables data took   7.67ms
[2019.10.29-22.05.28:919][  0]Cmd: MAP CHECKDEP NOCLEARLOG
[2019.10.29-22.05.28:920][  0]MapCheck: Map check complete: 0 Error(s), 0 Warning(s), took 0.456ms to complete.
[2019.10.29-22.05.28:920][  0]LogFileHelpers: Loading map 'Rand_tower' took 19.800
[2019.10.29-22.05.29:145][  0]LogSlate: Updating window title bar state: overlay mode, drag disabled, window buttons hidden, title bar hidden
[2019.10.29-22.05.29:172][  0]LogSlate: Updating window title bar state: overlay mode, drag disabled, window buttons hidden, title bar hidden
[2019.10.29-22.05.29:199][  0]LogSlate: Updating window title bar state: overlay mode, drag disabled, window buttons hidden, title bar hidden
[2019.10.29-22.05.29:232][  0]LogSlate: Updating window title bar state: overlay mode, drag disabled, window buttons hidden, title bar hidden
[2019.10.29-22.05.29:258][  0]LogCollectionManager: Loaded 0 collections in 0.008953 seconds
[2019.10.29-22.05.29:312][  0]LogFileCache: Scanning file cache for directory 'C:/Users/randg/OneDrive/Documents/school/game/halloween/Rand_halloween/Saved/Collections/' took 0.01s
[2019.10.29-22.05.29:313][  0]LogFileCache: Scanning file cache for directory 'C:/Users/randg/OneDrive/Documents/school/game/halloween/Rand_halloween/Content/Developers/randg/Collections/' took 0.01s
[2019.10.29-22.05.29:313][  0]LogFileCache: Scanning file cache for directory 'C:/Users/randg/OneDrive/Documents/school/game/halloween/Rand_halloween/Content/Collections/' took 0.01s
[2019.10.29-22.05.29:313][  0]LogCollectionManager: Rebuilt the GUID cache for 0 collections in 0.000000 seconds
[2019.10.29-22.05.29:348][  0]LogContentBrowser: Native class hierarchy populated in 0.0349 seconds. Added 2732 classes and 659 folders.
[2019.10.29-22.05.29:370][  0]LogContentBrowser: Native class hierarchy updated for 'WidgetCarousel' in 0.0008 seconds. Added 0 classes and 0 folders.
[2019.10.29-22.05.29:374][  0]LogPakFile: Registered encryption key '00000000000000000000000000000000': 0 pak files mounted, 0 remain pending
[2019.10.29-22.05.29:376][  0]LogPakFile: Registered encryption key '00000000000000000000000000000000': 0 pak files mounted, 0 remain pending
[2019.10.29-22.05.29:378][  0]LogPakFile: Registered encryption key '00000000000000000000000000000000': 0 pak files mounted, 0 remain pending
[2019.10.29-22.05.29:379][  0]LogPakFile: Registered encryption key '00000000000000000000000000000000': 0 pak files mounted, 0 remain pending
[2019.10.29-22.05.29:381][  0]LogPakFile: Registered encryption key '00000000000000000000000000000000': 0 pak files mounted, 0 remain pending
[2019.10.29-22.05.29:382][  0]LogPakFile: Registered encryption key '00000000000000000000000000000000': 0 pak files mounted, 0 remain pending
[2019.10.29-22.05.29:385][  0]LogPakFile: Registered encryption key '00000000000000000000000000000000': 0 pak files mounted, 0 remain pending
[2019.10.29-22.05.29:386][  0]LogPakFile: Registered encryption key '00000000000000000000000000000000': 0 pak files mounted, 0 remain pending
[2019.10.29-22.05.29:389][  0]LogPakFile: Registered encryption key '00000000000000000000000000000000': 0 pak files mounted, 0 remain pending
[2019.10.29-22.05.29:391][  0]LogPakFile: Registered encryption key '00000000000000000000000000000000': 0 pak files mounted, 0 remain pending
[2019.10.29-22.05.29:393][  0]LogPakFile: Registered encryption key '00000000000000000000000000000000': 0 pak files mounted, 0 remain pending
[2019.10.29-22.05.29:395][  0]LogPakFile: Registered encryption key '00000000000000000000000000000000': 0 pak files mounted, 0 remain pending
[2019.10.29-22.05.29:397][  0]LogPakFile: Registered encryption key '00000000000000000000000000000000': 0 pak files mounted, 0 remain pending
[2019.10.29-22.05.29:398][  0]LogPakFile: Registered encryption key '00000000000000000000000000000000': 0 pak files mounted, 0 remain pending
[2019.10.29-22.05.29:400][  0]LogPakFile: Registered encryption key '00000000000000000000000000000000': 0 pak files mounted, 0 remain pending
[2019.10.29-22.05.29:402][  0]LogPakFile: Registered encryption key '00000000000000000000000000000000': 0 pak files mounted, 0 remain pending
[2019.10.29-22.05.29:403][  0]LogPakFile: Registered encryption key '00000000000000000000000000000000': 0 pak files mounted, 0 remain pending
[2019.10.29-22.05.29:405][  0]LogPakFile: Registered encryption key '00000000000000000000000000000000': 0 pak files mounted, 0 remain pending
[2019.10.29-22.05.29:407][  0]LogPakFile: Registered encryption key '00000000000000000000000000000000': 0 pak files mounted, 0 remain pending
[2019.10.29-22.05.29:408][  0]LogPakFile: Registered encryption key '00000000000000000000000000000000': 0 pak files mounted, 0 remain pending
[2019.10.29-22.05.29:409][  0]LogPakFile: Registered encryption key '00000000000000000000000000000000': 0 pak files mounted, 0 remain pending
[2019.10.29-22.05.29:415][  0]LogPakFile: Registered encryption key '00000000000000000000000000000000': 0 pak files mounted, 0 remain pending
[2019.10.29-22.05.29:417][  0]LogPakFile: Registered encryption key '00000000000000000000000000000000': 0 pak files mounted, 0 remain pending
[2019.10.29-22.05.29:419][  0]LogPakFile: Registered encryption key '00000000000000000000000000000000': 0 pak files mounted, 0 remain pending
[2019.10.29-22.05.29:421][  0]LogPakFile: Registered encryption key '00000000000000000000000000000000': 0 pak files mounted, 0 remain pending
[2019.10.29-22.05.29:424][  0]LogPakFile: Registered encryption key '00000000000000000000000000000000': 0 pak files mounted, 0 remain pending
[2019.10.29-22.05.29:550][  0]LogContentBrowser: Native class hierarchy updated for 'AddContentDialog' in 0.0007 seconds. Added 0 classes and 0 folders.
[2019.10.29-22.05.29:567][  0]LogContentBrowser: Native class hierarchy updated for 'SceneOutliner' in 0.0007 seconds. Added 1 classes and 2 folders.
[2019.10.29-22.05.29:612][  0]LogSlate: Took 0.000345 seconds to synchronously load lazily loaded font '../../../Engine/Content/Slate/Fonts/Roboto-Regular.ttf' (155K)
[2019.10.29-22.05.29:618][  0]LogSlate: Took 0.000500 seconds to synchronously load lazily loaded font '../../../Engine/Content/Slate/Fonts/Roboto-Bold.ttf' (160K)
[2019.10.29-22.05.29:636][  0]LogSlate: Took 0.000414 seconds to synchronously load lazily loaded font '../../../Engine/Content/Editor/Slate/Fonts/FontAwesome.ttf' (139K)
[2019.10.29-22.05.30:001][  0]LogRenderer: Reallocating scene render targets to support 796x360 Format 10 NumSamples 1 (Frame:1).
[2019.10.29-22.05.30:860][  0]LogContentBrowser: Native class hierarchy updated for 'HierarchicalLODOutliner' in 0.0006 seconds. Added 0 classes and 0 folders.
[2019.10.29-22.05.30:861][  0]LogLoad: (Engine Initialization) Total time: 48.91 seconds
[2019.10.29-22.05.30:861][  0]LogLoad: (Engine Initialization) Total Blueprint compile time: 0.00 seconds
[2019.10.29-22.05.30:939][  0]LogContentStreaming: Texture pool size now 1000 MB
[2019.10.29-22.05.30:952][  0]LogSlate: FSceneViewport::OnFocusLost() reason 2
[2019.10.29-22.05.31:298][  0]LogSlate: Took 0.000298 seconds to synchronously load lazily loaded font '../../../Engine/Content/Slate/Fonts/Roboto-Light.ttf' (167K)
[2019.10.29-22.05.31:478][  2]LogAssetRegistry: Asset discovery search completed in 35.5669 seconds
[2019.10.29-22.05.31:489][  2]LogCollectionManager: Rebuilt the object cache for 0 collections in 0.000001 seconds (found 0 objects)
[2019.10.29-22.05.31:489][  2]LogCollectionManager: Fixed up redirectors for 0 collections in 0.000123 seconds (updated 0 objects)
[2019.10.29-22.05.38:046][249]LogSlate: Window 'Message Log' being destroyed
[2019.10.29-22.05.38:057][249]LogSlate: Window 'Message Log' being destroyed
[2019.10.29-22.05.43:103][401]LogSlate: FSceneViewport::OnFocusLost() reason 0
[2019.10.29-22.05.52:262][840]LogStaticMesh: Building static mesh SM_Plains_Angel_Statue_01...
[2019.10.29-22.05.52:270][840]LogSlate: Took 0.000304 seconds to synchronously load lazily loaded font '../../../Engine/Content/Slate/Fonts/Roboto-Light.ttf' (167K)
[2019.10.29-22.05.52:391][840]LogStaticMesh: Built static mesh [0.13s] /Game/statue/Env_Plains_Statues/StaticMesh/SM_Plains_Angel_Statue_01.SM_Plains_Angel_Statue_01
[2019.10.29-22.05.52:429][840]LogActorFactory: Actor Factory created SM_Plains_Angel_Statue_01
[2019.10.29-22.05.54:328][901]LogActorFactory: Actor Factory created SM_Plains_Angel_Statue_01
[2019.10.29-22.06.14:416][679]LogSlate: FSceneViewport::OnFocusLost() reason 0
[2019.10.29-22.06.20:814][916]LogSlate: FSceneViewport::OnFocusLost() reason 0
[2019.10.29-22.06.33:808][392]LogSlate: FSceneViewport::OnFocusLost() reason 0
[2019.10.29-22.07.54:894][885]LogSlate: FSceneViewport::OnFocusLost() reason 0
[2019.10.29-22.07.54:975][888]LogStaticMesh: Building static mesh SM_Plains_Castle_DemonDoor_01...
[2019.10.29-22.07.55:098][888]LogStaticMesh: Built static mesh [0.12s] /Game/statue/Env_Plains_Statues/StaticMesh/SM_Plains_Castle_DemonDoor_01.SM_Plains_Castle_DemonDoor_01
[2019.10.29-22.07.55:199][889]LogActorFactory: Actor Factory created SM_Plains_Castle_DemonDoor_01
[2019.10.29-22.07.58:131][985]LogActorFactory: Actor Factory created SM_Plains_Castle_DemonDoor_01
[2019.10.29-22.08.03:687][179]LogSlate: FSceneViewport::OnFocusLost() reason 0
[2019.10.29-22.08.12:060][461]LogSlate: FSceneViewport::OnFocusLost() reason 0
[2019.10.29-22.08.33:456][138]LogSlate: FSceneViewport::OnFocusLost() reason 0
[2019.10.29-22.08.39:419][333]LogSlate: FSceneViewport::OnFocusLost() reason 0
[2019.10.29-22.08.46:569][506]LogEditorViewport: Clicking on Actor (LMB): StaticMeshActor (SM_Plains_Castle_DemonDoor_01)
[2019.10.29-22.08.51:854][681]LogSlate: FSceneViewport::OnFocusLost() reason 0
[2019.10.29-22.08.58:339][913]LogSlate: FSceneViewport::OnFocusLost() reason 0
[2019.10.29-22.09.07:190][179]LogEditorViewport: Clicking on Actor (LMB): Landscape (Landscape)
[2019.10.29-22.09.17:410][475]LogSlate: FSceneViewport::OnFocusLost() reason 0
[2019.10.29-22.09.17:736][480]LogUObjectHash: Compacting FUObjectHashTables data took   5.50ms
[2019.10.29-22.09.18:322][480]LogDerivedDataCache: Warning: C:/Users/randg/AppData/Local/UnrealEngine/Common/DerivedDataCache is very slow (0.18MB/s) when accessing C:/Users/randg/AppData/Local/UnrealEngine/Common/DerivedDataCache/2/5/2/TEXTURE_68A083899C6F4316B8CE0E2958EDE2C2_AUTODXT_6687863D449D0FF3EE5F138D5FA5B__B307C3000C7EA606C03E17945BD8D8995DEA4315.udd, consider disabling it.
[2019.10.29-22.09.21:623][480]LogSavePackage: Moving '../../../../../../Users/randg/OneDrive/Documents/school/game/halloween/Rand_halloween/Saved/Rand_tower4634991A4D6C21BBB27F158486ABB35B.tmp' to '../../../../../../Users/randg/OneDrive/Documents/school/game/halloween/Rand_halloween/Content/Rand_halloween/Rand_tower.umap'
[2019.10.29-22.09.21:624][480]LogFileManager: Warning: DeleteFile was unable to delete '../../../../../../Users/randg/OneDrive/Documents/school/game/halloween/Rand_halloween/Content/Rand_halloween/Rand_tower.umap', retrying in .5s...
[2019.10.29-22.09.22:125][480]LogFileManager: Error: Error deleting file '../../../../../../Users/randg/OneDrive/Documents/school/game/halloween/Rand_halloween/Content/Rand_halloween/Rand_tower.umap'.
[2019.10.29-22.09.22:125][480]LogSavePackage: Error: Error saving '../../../../../../Users/randg/OneDrive/Documents/school/game/halloween/Rand_halloween/Content/Rand_halloween/Rand_tower.umap'
[2019.10.29-22.09.22:228][480]EditorErrors: New page: Save Output
[2019.10.29-22.09.22:228][480]EditorErrors: Warning: Error saving '../../../../../../Users/randg/OneDrive/Documents/school/game/halloween/Rand_halloween/Content/Rand_halloween/Rand_tower.umap'
[2019.10.29-22.09.43:706][728]LogSlate: Window 'Message Log' being destroyed
[2019.10.29-22.09.43:724][728]LogSlate: Window 'Message Log' being destroyed
[2019.10.29-22.09.47:923][809]LogEditorViewport: Clicking on Actor (LMB): StaticMeshActor (SM_Plains_Castle_DemonDoor_01)
[2019.10.29-22.09.49:588][860]LogSlate: FSceneViewport::OnFocusLost() reason 0
[2019.10.29-22.09.49:850][865]LogUObjectHash: Compacting FUObjectHashTables data took   6.63ms
[2019.10.29-22.09.52:295][865]LogSavePackage: Moving '../../../../../../Users/randg/OneDrive/Documents/school/game/halloween/Rand_halloween/Saved/Rand_tower64CBD6AD4575F41130922195084DE196.tmp' to '../../../../../../Users/randg/OneDrive/Documents/school/game/halloween/Rand_halloween/Content/Rand_halloween/Rand_tower.umap'
[2019.10.29-22.09.52:296][865]LogFileManager: Warning: DeleteFile was unable to delete '../../../../../../Users/randg/OneDrive/Documents/school/game/halloween/Rand_halloween/Content/Rand_halloween/Rand_tower.umap', retrying in .5s...
[2019.10.29-22.09.52:797][865]LogFileManager: Error: Error deleting file '../../../../../../Users/randg/OneDrive/Documents/school/game/halloween/Rand_halloween/Content/Rand_halloween/Rand_tower.umap'.
[2019.10.29-22.09.52:797][865]LogSavePackage: Error: Error saving '../../../../../../Users/randg/OneDrive/Documents/school/game/halloween/Rand_halloween/Content/Rand_halloween/Rand_tower.umap'
[2019.10.29-22.09.52:823][865]EditorErrors: New page: Save Output
[2019.10.29-22.09.52:823][865]EditorErrors: Warning: Error saving '../../../../../../Users/randg/OneDrive/Documents/school/game/halloween/Rand_halloween/Content/Rand_halloween/Rand_tower.umap'
[2019.10.29-22.10.01:729][145]LogSlate: Window 'Message Log' being destroyed
[2019.10.29-22.10.01:746][145]LogSlate: Window 'Message Log' being destroyed
